2022-08-21 00:23:01,469 INFO org.springframework.boot.StartupInfoLogger [main] Starting BankStatementControllerTest on LAPTOP-NHPUL6D0 with PID 18200 (started by manid in C:\Users\manid\OneDrive\Desktop\spring-boot-jwt-without-JPA\spring-boot-jwt)
2022-08-21 00:23:01,475 DEBUG org.springframework.boot.StartupInfoLogger [main] Running with Spring Boot v2.1.1.RELEASE, Spring v5.1.3.RELEASE
2022-08-21 00:23:01,478 INFO org.springframework.boot.SpringApplication [main] No active profile set, falling back to default profiles: default
2022-08-21 00:23:04,677 INFO org.springframework.boot.StartupInfoLogger [main] Started BankStatementControllerTest in 3.701 seconds (JVM running for 4.823)
2022-08-21 00:36:58,576 INFO org.springframework.boot.StartupInfoLogger [main] Starting BankStatementControllerTest on LAPTOP-NHPUL6D0 with PID 16336 (started by manid in C:\Users\manid\OneDrive\Desktop\spring-boot-jwt-without-JPA\spring-boot-jwt)
2022-08-21 00:36:58,579 DEBUG org.springframework.boot.StartupInfoLogger [main] Running with Spring Boot v2.1.1.RELEASE, Spring v5.1.3.RELEASE
2022-08-21 00:36:58,585 INFO org.springframework.boot.SpringApplication [main] No active profile set, falling back to default profiles: default
2022-08-21 00:36:59,481 WARN org.springframework.context.support.AbstractApplicationContext [main] Exception encountered during context initialization - cancelling refresh attempt: org.springframework.beans.factory.UnsatisfiedDependencyException: Error creating bean with name 'jwtRequestFilter': Unsatisfied dependency expressed through field 'jwtUserDetailsService'; nested exception is org.springframework.beans.factory.NoSuchBeanDefinitionException: No qualifying bean of type 'com.bank.service.JwtUserDetailsService' available: expected at least 1 bean which qualifies as autowire candidate. Dependency annotations: {@org.springframework.beans.factory.annotation.Autowired(required=true)}
2022-08-21 00:36:59,541 ERROR org.springframework.boot.diagnostics.LoggingFailureAnalysisReporter [main] 

***************************
APPLICATION FAILED TO START
***************************

Description:

Field jwtUserDetailsService in com.bank.config.JwtRequestFilter required a bean of type 'com.bank.service.JwtUserDetailsService' that could not be found.

The injection point has the following annotations:
	- @org.springframework.beans.factory.annotation.Autowired(required=true)


Action:

Consider defining a bean of type 'com.bank.service.JwtUserDetailsService' in your configuration.

2022-08-21 00:36:59,595 INFO org.springframework.boot.StartupInfoLogger [main] Starting BankStatementControllerTest on LAPTOP-NHPUL6D0 with PID 16336 (started by manid in C:\Users\manid\OneDrive\Desktop\spring-boot-jwt-without-JPA\spring-boot-jwt)
2022-08-21 00:36:59,595 DEBUG org.springframework.boot.StartupInfoLogger [main] Running with Spring Boot v2.1.1.RELEASE, Spring v5.1.3.RELEASE
2022-08-21 00:36:59,598 INFO org.springframework.boot.SpringApplication [main] No active profile set, falling back to default profiles: default
2022-08-21 00:36:59,821 WARN org.springframework.context.support.AbstractApplicationContext [main] Exception encountered during context initialization - cancelling refresh attempt: org.springframework.beans.factory.UnsatisfiedDependencyException: Error creating bean with name 'jwtRequestFilter': Unsatisfied dependency expressed through field 'jwtUserDetailsService'; nested exception is org.springframework.beans.factory.NoSuchBeanDefinitionException: No qualifying bean of type 'com.bank.service.JwtUserDetailsService' available: expected at least 1 bean which qualifies as autowire candidate. Dependency annotations: {@org.springframework.beans.factory.annotation.Autowired(required=true)}
2022-08-21 00:36:59,850 ERROR org.springframework.boot.diagnostics.LoggingFailureAnalysisReporter [main] 

***************************
APPLICATION FAILED TO START
***************************

Description:

Field jwtUserDetailsService in com.bank.config.JwtRequestFilter required a bean of type 'com.bank.service.JwtUserDetailsService' that could not be found.

The injection point has the following annotations:
	- @org.springframework.beans.factory.annotation.Autowired(required=true)


Action:

Consider defining a bean of type 'com.bank.service.JwtUserDetailsService' in your configuration.

2022-08-21 00:36:59,854 ERROR org.springframework.test.context.TestContextManager [main] Caught exception while allowing TestExecutionListener [org.springframework.boot.test.autoconfigure.SpringBootDependencyInjectionTestExecutionListener@352c1b98] to prepare test instance [com.bank.controller.test.BankStatementControllerTest@13da7ab0]
java.lang.IllegalStateException: Failed to load ApplicationContext
	at org.springframework.test.context.cache.DefaultCacheAwareContextLoaderDelegate.loadContext(DefaultCacheAwareContextLoaderDelegate.java:125)
	at org.springframework.test.context.support.DefaultTestContext.getApplicationContext(DefaultTestContext.java:108)
	at org.springframework.test.context.support.DependencyInjectionTestExecutionListener.injectDependencies(DependencyInjectionTestExecutionListener.java:118)
	at org.springframework.test.context.support.DependencyInjectionTestExecutionListener.prepareTestInstance(DependencyInjectionTestExecutionListener.java:83)
	at org.springframework.boot.test.autoconfigure.SpringBootDependencyInjectionTestExecutionListener.prepareTestInstance(SpringBootDependencyInjectionTestExecutionListener.java:44)
	at org.springframework.test.context.TestContextManager.prepareTestInstance(TestContextManager.java:246)
	at org.springframework.test.context.junit4.SpringJUnit4ClassRunner.createTest(SpringJUnit4ClassRunner.java:227)
	at org.springframework.test.context.junit4.SpringJUnit4ClassRunner$1.runReflectiveCall(SpringJUnit4ClassRunner.java:289)
	at org.junit.internal.runners.model.ReflectiveCallable.run(ReflectiveCallable.java:12)
	at org.springframework.test.context.junit4.SpringJUnit4ClassRunner.methodBlock(SpringJUnit4ClassRunner.java:291)
	at org.springframework.test.context.junit4.SpringJUnit4ClassRunner.runChild(SpringJUnit4ClassRunner.java:246)
	at org.springframework.test.context.junit4.SpringJUnit4ClassRunner.runChild(SpringJUnit4ClassRunner.java:97)
	at org.junit.runners.ParentRunner$3.run(ParentRunner.java:290)
	at org.junit.runners.ParentRunner$1.schedule(ParentRunner.java:71)
	at org.junit.runners.ParentRunner.runChildren(ParentRunner.java:288)
	at org.junit.runners.ParentRunner.access$000(ParentRunner.java:58)
	at org.junit.runners.ParentRunner$2.evaluate(ParentRunner.java:268)
	at org.springframework.test.context.junit4.statements.RunBeforeTestClassCallbacks.evaluate(RunBeforeTestClassCallbacks.java:61)
	at org.springframework.test.context.junit4.statements.RunAfterTestClassCallbacks.evaluate(RunAfterTestClassCallbacks.java:70)
	at org.junit.runners.ParentRunner.run(ParentRunner.java:363)
	at org.springframework.test.context.junit4.SpringJUnit4ClassRunner.run(SpringJUnit4ClassRunner.java:190)
	at org.eclipse.jdt.internal.junit4.runner.JUnit4TestReference.run(JUnit4TestReference.java:93)
	at org.eclipse.jdt.internal.junit.runner.TestExecution.run(TestExecution.java:40)
	at org.eclipse.jdt.internal.junit.runner.RemoteTestRunner.runTests(RemoteTestRunner.java:529)
	at org.eclipse.jdt.internal.junit.runner.RemoteTestRunner.runTests(RemoteTestRunner.java:756)
	at org.eclipse.jdt.internal.junit.runner.RemoteTestRunner.run(RemoteTestRunner.java:452)
	at org.eclipse.jdt.internal.junit.runner.RemoteTestRunner.main(RemoteTestRunner.java:210)
Caused by: org.springframework.beans.factory.UnsatisfiedDependencyException: Error creating bean with name 'jwtRequestFilter': Unsatisfied dependency expressed through field 'jwtUserDetailsService'; nested exception is org.springframework.beans.factory.NoSuchBeanDefinitionException: No qualifying bean of type 'com.bank.service.JwtUserDetailsService' available: expected at least 1 bean which qualifies as autowire candidate. Dependency annotations: {@org.springframework.beans.factory.annotation.Autowired(required=true)}
	at org.springframework.beans.factory.annotation.AutowiredAnnotationBeanPostProcessor$AutowiredFieldElement.inject(AutowiredAnnotationBeanPostProcessor.java:596)
	at org.springframework.beans.factory.annotation.InjectionMetadata.inject(InjectionMetadata.java:90)
	at org.springframework.beans.factory.annotation.AutowiredAnnotationBeanPostProcessor.postProcessProperties(AutowiredAnnotationBeanPostProcessor.java:374)
	at org.springframework.beans.factory.support.AbstractAutowireCapableBeanFactory.populateBean(AbstractAutowireCapableBeanFactory.java:1378)
	at org.springframework.beans.factory.support.AbstractAutowireCapableBeanFactory.doCreateBean(AbstractAutowireCapableBeanFactory.java:575)
	at org.springframework.beans.factory.support.AbstractAutowireCapableBeanFactory.createBean(AbstractAutowireCapableBeanFactory.java:498)
	at org.springframework.beans.factory.support.AbstractBeanFactory.lambda$doGetBean$0(AbstractBeanFactory.java:320)
	at org.springframework.beans.factory.support.DefaultSingletonBeanRegistry.getSingleton(DefaultSingletonBeanRegistry.java:222)
	at org.springframework.beans.factory.support.AbstractBeanFactory.doGetBean(AbstractBeanFactory.java:318)
	at org.springframework.beans.factory.support.AbstractBeanFactory.getBean(AbstractBeanFactory.java:199)
	at org.springframework.beans.factory.support.DefaultListableBeanFactory.preInstantiateSingletons(DefaultListableBeanFactory.java:846)
	at org.springframework.context.support.AbstractApplicationContext.finishBeanFactoryInitialization(AbstractApplicationContext.java:863)
	at org.springframework.context.support.AbstractApplicationContext.refresh(AbstractApplicationContext.java:546)
	at org.springframework.boot.SpringApplication.refresh(SpringApplication.java:775)
	at org.springframework.boot.SpringApplication.refreshContext(SpringApplication.java:397)
	at org.springframework.boot.SpringApplication.run(SpringApplication.java:316)
	at org.springframework.boot.test.context.SpringBootContextLoader.loadContext(SpringBootContextLoader.java:127)
	at org.springframework.test.context.cache.DefaultCacheAwareContextLoaderDelegate.loadContextInternal(DefaultCacheAwareContextLoaderDelegate.java:99)
	at org.springframework.test.context.cache.DefaultCacheAwareContextLoaderDelegate.loadContext(DefaultCacheAwareContextLoaderDelegate.java:117)
	... 26 common frames omitted
Caused by: org.springframework.beans.factory.NoSuchBeanDefinitionException: No qualifying bean of type 'com.bank.service.JwtUserDetailsService' available: expected at least 1 bean which qualifies as autowire candidate. Dependency annotations: {@org.springframework.beans.factory.annotation.Autowired(required=true)}
	at org.springframework.beans.factory.support.DefaultListableBeanFactory.raiseNoMatchingBeanFound(DefaultListableBeanFactory.java:1644)
	at org.springframework.beans.factory.support.DefaultListableBeanFactory.doResolveDependency(DefaultListableBeanFactory.java:1203)
	at org.springframework.beans.factory.support.DefaultListableBeanFactory.resolveDependency(DefaultListableBeanFactory.java:1164)
	at org.springframework.beans.factory.annotation.AutowiredAnnotationBeanPostProcessor$AutowiredFieldElement.inject(AutowiredAnnotationBeanPostProcessor.java:593)
	... 44 common frames omitted
2022-08-21 00:49:06,227 INFO org.springframework.boot.StartupInfoLogger [main] Starting BankStatementControllerTest on LAPTOP-NHPUL6D0 with PID 6580 (started by manid in C:\Users\manid\OneDrive\Desktop\spring-boot-jwt-without-JPA\spring-boot-jwt)
2022-08-21 00:49:06,230 DEBUG org.springframework.boot.StartupInfoLogger [main] Running with Spring Boot v2.1.1.RELEASE, Spring v5.1.3.RELEASE
2022-08-21 00:49:06,233 INFO org.springframework.boot.SpringApplication [main] No active profile set, falling back to default profiles: default
2022-08-21 00:49:06,483 INFO org.springframework.boot.StartupInfoLogger [main] Started BankStatementControllerTest in 0.74 seconds (JVM running for 1.701)
2022-08-21 00:50:10,452 INFO org.springframework.boot.StartupInfoLogger [main] Starting BankStatementControllerTest on LAPTOP-NHPUL6D0 with PID 17280 (started by manid in C:\Users\manid\OneDrive\Desktop\spring-boot-jwt-without-JPA\spring-boot-jwt)
2022-08-21 00:50:10,455 DEBUG org.springframework.boot.StartupInfoLogger [main] Running with Spring Boot v2.1.1.RELEASE, Spring v5.1.3.RELEASE
2022-08-21 00:50:10,457 INFO org.springframework.boot.SpringApplication [main] No active profile set, falling back to default profiles: default
2022-08-21 00:50:10,627 WARN org.springframework.context.support.AbstractApplicationContext [main] Exception encountered during context initialization - cancelling refresh attempt: org.springframework.beans.factory.BeanCreationException: Error creating bean with name 'abstractTest': Instantiation of bean failed; nested exception is org.springframework.beans.BeanInstantiationException: Failed to instantiate [com.bank.controller.test.AbstractTest]: Is it an abstract class?; nested exception is java.lang.InstantiationException
2022-08-21 00:50:10,817 ERROR org.springframework.boot.SpringApplication [main] Application run failed
org.springframework.beans.factory.BeanCreationException: Error creating bean with name 'abstractTest': Instantiation of bean failed; nested exception is org.springframework.beans.BeanInstantiationException: Failed to instantiate [com.bank.controller.test.AbstractTest]: Is it an abstract class?; nested exception is java.lang.InstantiationException
	at org.springframework.beans.factory.support.AbstractAutowireCapableBeanFactory.instantiateBean(AbstractAutowireCapableBeanFactory.java:1270)
	at org.springframework.beans.factory.support.AbstractAutowireCapableBeanFactory.createBeanInstance(AbstractAutowireCapableBeanFactory.java:1164)
	at org.springframework.beans.factory.support.AbstractAutowireCapableBeanFactory.doCreateBean(AbstractAutowireCapableBeanFactory.java:538)
	at org.springframework.beans.factory.support.AbstractAutowireCapableBeanFactory.createBean(AbstractAutowireCapableBeanFactory.java:498)
	at org.springframework.beans.factory.support.AbstractBeanFactory.lambda$doGetBean$0(AbstractBeanFactory.java:320)
	at org.springframework.beans.factory.support.DefaultSingletonBeanRegistry.getSingleton(DefaultSingletonBeanRegistry.java:222)
	at org.springframework.beans.factory.support.AbstractBeanFactory.doGetBean(AbstractBeanFactory.java:318)
	at org.springframework.beans.factory.support.AbstractBeanFactory.getBean(AbstractBeanFactory.java:199)
	at org.springframework.beans.factory.support.DefaultListableBeanFactory.preInstantiateSingletons(DefaultListableBeanFactory.java:846)
	at org.springframework.context.support.AbstractApplicationContext.finishBeanFactoryInitialization(AbstractApplicationContext.java:863)
	at org.springframework.context.support.AbstractApplicationContext.refresh(AbstractApplicationContext.java:546)
	at org.springframework.boot.SpringApplication.refresh(SpringApplication.java:775)
	at org.springframework.boot.SpringApplication.refreshContext(SpringApplication.java:397)
	at org.springframework.boot.SpringApplication.run(SpringApplication.java:316)
	at org.springframework.boot.test.context.SpringBootContextLoader.loadContext(SpringBootContextLoader.java:127)
	at org.springframework.test.context.cache.DefaultCacheAwareContextLoaderDelegate.loadContextInternal(DefaultCacheAwareContextLoaderDelegate.java:99)
	at org.springframework.test.context.cache.DefaultCacheAwareContextLoaderDelegate.loadContext(DefaultCacheAwareContextLoaderDelegate.java:117)
	at org.springframework.test.context.support.DefaultTestContext.getApplicationContext(DefaultTestContext.java:108)
	at org.springframework.test.context.web.ServletTestExecutionListener.setUpRequestContextIfNecessary(ServletTestExecutionListener.java:190)
	at org.springframework.test.context.web.ServletTestExecutionListener.prepareTestInstance(ServletTestExecutionListener.java:132)
	at org.springframework.test.context.TestContextManager.prepareTestInstance(TestContextManager.java:246)
	at org.springframework.test.context.junit4.SpringJUnit4ClassRunner.createTest(SpringJUnit4ClassRunner.java:227)
	at org.springframework.test.context.junit4.SpringJUnit4ClassRunner$1.runReflectiveCall(SpringJUnit4ClassRunner.java:289)
	at org.junit.internal.runners.model.ReflectiveCallable.run(ReflectiveCallable.java:12)
	at org.springframework.test.context.junit4.SpringJUnit4ClassRunner.methodBlock(SpringJUnit4ClassRunner.java:291)
	at org.springframework.test.context.junit4.SpringJUnit4ClassRunner.runChild(SpringJUnit4ClassRunner.java:246)
	at org.springframework.test.context.junit4.SpringJUnit4ClassRunner.runChild(SpringJUnit4ClassRunner.java:97)
	at org.junit.runners.ParentRunner$4.run(ParentRunner.java:331)
	at org.junit.runners.ParentRunner$1.schedule(ParentRunner.java:79)
	at org.junit.runners.ParentRunner.runChildren(ParentRunner.java:329)
	at org.junit.runners.ParentRunner.access$100(ParentRunner.java:66)
	at org.junit.runners.ParentRunner$2.evaluate(ParentRunner.java:293)
	at org.springframework.test.context.junit4.statements.RunBeforeTestClassCallbacks.evaluate(RunBeforeTestClassCallbacks.java:61)
	at org.springframework.test.context.junit4.statements.RunAfterTestClassCallbacks.evaluate(RunAfterTestClassCallbacks.java:70)
	at org.junit.runners.ParentRunner$3.evaluate(ParentRunner.java:306)
	at org.junit.runners.ParentRunner.run(ParentRunner.java:413)
	at org.springframework.test.context.junit4.SpringJUnit4ClassRunner.run(SpringJUnit4ClassRunner.java:190)
	at org.eclipse.jdt.internal.junit4.runner.JUnit4TestReference.run(JUnit4TestReference.java:93)
	at org.eclipse.jdt.internal.junit.runner.TestExecution.run(TestExecution.java:40)
	at org.eclipse.jdt.internal.junit.runner.RemoteTestRunner.runTests(RemoteTestRunner.java:529)
	at org.eclipse.jdt.internal.junit.runner.RemoteTestRunner.runTests(RemoteTestRunner.java:756)
	at org.eclipse.jdt.internal.junit.runner.RemoteTestRunner.run(RemoteTestRunner.java:452)
	at org.eclipse.jdt.internal.junit.runner.RemoteTestRunner.main(RemoteTestRunner.java:210)
Caused by: org.springframework.beans.BeanInstantiationException: Failed to instantiate [com.bank.controller.test.AbstractTest]: Is it an abstract class?; nested exception is java.lang.InstantiationException
	at org.springframework.beans.BeanUtils.instantiateClass(BeanUtils.java:175)
	at org.springframework.beans.factory.support.SimpleInstantiationStrategy.instantiate(SimpleInstantiationStrategy.java:87)
	at org.springframework.beans.factory.support.AbstractAutowireCapableBeanFactory.instantiateBean(AbstractAutowireCapableBeanFactory.java:1262)
	... 42 common frames omitted
Caused by: java.lang.InstantiationException: null
	at java.base/jdk.internal.reflect.InstantiationExceptionConstructorAccessorImpl.newInstance(InstantiationExceptionConstructorAccessorImpl.java:48)
	at java.base/java.lang.reflect.Constructor.newInstanceWithCaller(Constructor.java:499)
	at java.base/java.lang.reflect.Constructor.newInstance(Constructor.java:480)
	at org.springframework.beans.BeanUtils.instantiateClass(BeanUtils.java:172)
	... 44 common frames omitted
2022-08-21 00:50:10,823 ERROR org.springframework.test.context.TestContextManager [main] Caught exception while allowing TestExecutionListener [org.springframework.test.context.web.ServletTestExecutionListener@20c0a64d] to prepare test instance [com.bank.controller.test.BankStatementControllerTest@76adb233]
java.lang.IllegalStateException: Failed to load ApplicationContext
	at org.springframework.test.context.cache.DefaultCacheAwareContextLoaderDelegate.loadContext(DefaultCacheAwareContextLoaderDelegate.java:125)
	at org.springframework.test.context.support.DefaultTestContext.getApplicationContext(DefaultTestContext.java:108)
	at org.springframework.test.context.web.ServletTestExecutionListener.setUpRequestContextIfNecessary(ServletTestExecutionListener.java:190)
	at org.springframework.test.context.web.ServletTestExecutionListener.prepareTestInstance(ServletTestExecutionListener.java:132)
	at org.springframework.test.context.TestContextManager.prepareTestInstance(TestContextManager.java:246)
	at org.springframework.test.context.junit4.SpringJUnit4ClassRunner.createTest(SpringJUnit4ClassRunner.java:227)
	at org.springframework.test.context.junit4.SpringJUnit4ClassRunner$1.runReflectiveCall(SpringJUnit4ClassRunner.java:289)
	at org.junit.internal.runners.model.ReflectiveCallable.run(ReflectiveCallable.java:12)
	at org.springframework.test.context.junit4.SpringJUnit4ClassRunner.methodBlock(SpringJUnit4ClassRunner.java:291)
	at org.springframework.test.context.junit4.SpringJUnit4ClassRunner.runChild(SpringJUnit4ClassRunner.java:246)
	at org.springframework.test.context.junit4.SpringJUnit4ClassRunner.runChild(SpringJUnit4ClassRunner.java:97)
	at org.junit.runners.ParentRunner$4.run(ParentRunner.java:331)
	at org.junit.runners.ParentRunner$1.schedule(ParentRunner.java:79)
	at org.junit.runners.ParentRunner.runChildren(ParentRunner.java:329)
	at org.junit.runners.ParentRunner.access$100(ParentRunner.java:66)
	at org.junit.runners.ParentRunner$2.evaluate(ParentRunner.java:293)
	at org.springframework.test.context.junit4.statements.RunBeforeTestClassCallbacks.evaluate(RunBeforeTestClassCallbacks.java:61)
	at org.springframework.test.context.junit4.statements.RunAfterTestClassCallbacks.evaluate(RunAfterTestClassCallbacks.java:70)
	at org.junit.runners.ParentRunner$3.evaluate(ParentRunner.java:306)
	at org.junit.runners.ParentRunner.run(ParentRunner.java:413)
	at org.springframework.test.context.junit4.SpringJUnit4ClassRunner.run(SpringJUnit4ClassRunner.java:190)
	at org.eclipse.jdt.internal.junit4.runner.JUnit4TestReference.run(JUnit4TestReference.java:93)
	at org.eclipse.jdt.internal.junit.runner.TestExecution.run(TestExecution.java:40)
	at org.eclipse.jdt.internal.junit.runner.RemoteTestRunner.runTests(RemoteTestRunner.java:529)
	at org.eclipse.jdt.internal.junit.runner.RemoteTestRunner.runTests(RemoteTestRunner.java:756)
	at org.eclipse.jdt.internal.junit.runner.RemoteTestRunner.run(RemoteTestRunner.java:452)
	at org.eclipse.jdt.internal.junit.runner.RemoteTestRunner.main(RemoteTestRunner.java:210)
Caused by: org.springframework.beans.factory.BeanCreationException: Error creating bean with name 'abstractTest': Instantiation of bean failed; nested exception is org.springframework.beans.BeanInstantiationException: Failed to instantiate [com.bank.controller.test.AbstractTest]: Is it an abstract class?; nested exception is java.lang.InstantiationException
	at org.springframework.beans.factory.support.AbstractAutowireCapableBeanFactory.instantiateBean(AbstractAutowireCapableBeanFactory.java:1270)
	at org.springframework.beans.factory.support.AbstractAutowireCapableBeanFactory.createBeanInstance(AbstractAutowireCapableBeanFactory.java:1164)
	at org.springframework.beans.factory.support.AbstractAutowireCapableBeanFactory.doCreateBean(AbstractAutowireCapableBeanFactory.java:538)
	at org.springframework.beans.factory.support.AbstractAutowireCapableBeanFactory.createBean(AbstractAutowireCapableBeanFactory.java:498)
	at org.springframework.beans.factory.support.AbstractBeanFactory.lambda$doGetBean$0(AbstractBeanFactory.java:320)
	at org.springframework.beans.factory.support.DefaultSingletonBeanRegistry.getSingleton(DefaultSingletonBeanRegistry.java:222)
	at org.springframework.beans.factory.support.AbstractBeanFactory.doGetBean(AbstractBeanFactory.java:318)
	at org.springframework.beans.factory.support.AbstractBeanFactory.getBean(AbstractBeanFactory.java:199)
	at org.springframework.beans.factory.support.DefaultListableBeanFactory.preInstantiateSingletons(DefaultListableBeanFactory.java:846)
	at org.springframework.context.support.AbstractApplicationContext.finishBeanFactoryInitialization(AbstractApplicationContext.java:863)
	at org.springframework.context.support.AbstractApplicationContext.refresh(AbstractApplicationContext.java:546)
	at org.springframework.boot.SpringApplication.refresh(SpringApplication.java:775)
	at org.springframework.boot.SpringApplication.refreshContext(SpringApplication.java:397)
	at org.springframework.boot.SpringApplication.run(SpringApplication.java:316)
	at org.springframework.boot.test.context.SpringBootContextLoader.loadContext(SpringBootContextLoader.java:127)
	at org.springframework.test.context.cache.DefaultCacheAwareContextLoaderDelegate.loadContextInternal(DefaultCacheAwareContextLoaderDelegate.java:99)
	at org.springframework.test.context.cache.DefaultCacheAwareContextLoaderDelegate.loadContext(DefaultCacheAwareContextLoaderDelegate.java:117)
	... 26 common frames omitted
Caused by: org.springframework.beans.BeanInstantiationException: Failed to instantiate [com.bank.controller.test.AbstractTest]: Is it an abstract class?; nested exception is java.lang.InstantiationException
	at org.springframework.beans.BeanUtils.instantiateClass(BeanUtils.java:175)
	at org.springframework.beans.factory.support.SimpleInstantiationStrategy.instantiate(SimpleInstantiationStrategy.java:87)
	at org.springframework.beans.factory.support.AbstractAutowireCapableBeanFactory.instantiateBean(AbstractAutowireCapableBeanFactory.java:1262)
	... 42 common frames omitted
Caused by: java.lang.InstantiationException: null
	at java.base/jdk.internal.reflect.InstantiationExceptionConstructorAccessorImpl.newInstance(InstantiationExceptionConstructorAccessorImpl.java:48)
	at java.base/java.lang.reflect.Constructor.newInstanceWithCaller(Constructor.java:499)
	at java.base/java.lang.reflect.Constructor.newInstance(Constructor.java:480)
	at org.springframework.beans.BeanUtils.instantiateClass(BeanUtils.java:172)
	... 44 common frames omitted
2022-08-21 00:51:39,244 INFO org.springframework.boot.StartupInfoLogger [main] Starting BankStatementControllerTest on LAPTOP-NHPUL6D0 with PID 10344 (started by manid in C:\Users\manid\OneDrive\Desktop\spring-boot-jwt-without-JPA\spring-boot-jwt)
2022-08-21 00:51:39,247 DEBUG org.springframework.boot.StartupInfoLogger [main] Running with Spring Boot v2.1.1.RELEASE, Spring v5.1.3.RELEASE
2022-08-21 00:51:39,250 INFO org.springframework.boot.SpringApplication [main] No active profile set, falling back to default profiles: default
2022-08-21 00:51:42,454 INFO org.springframework.boot.StartupInfoLogger [main] Started BankStatementControllerTest in 3.714 seconds (JVM running for 4.746)
2022-08-21 00:53:01,072 INFO org.springframework.boot.StartupInfoLogger [main] Starting BankStatementControllerTest on LAPTOP-NHPUL6D0 with PID 10532 (started by manid in C:\Users\manid\OneDrive\Desktop\spring-boot-jwt-without-JPA\spring-boot-jwt)
2022-08-21 00:53:01,073 DEBUG org.springframework.boot.StartupInfoLogger [main] Running with Spring Boot v2.1.1.RELEASE, Spring v5.1.3.RELEASE
2022-08-21 00:53:01,076 INFO org.springframework.boot.SpringApplication [main] No active profile set, falling back to default profiles: default
2022-08-21 00:53:04,272 INFO org.springframework.boot.StartupInfoLogger [main] Started BankStatementControllerTest in 3.657 seconds (JVM running for 4.78)
2022-08-21 00:53:07,469 WARN org.springframework.web.servlet.handler.AbstractHandlerExceptionResolver [main] Resolved [org.springframework.web.HttpRequestMethodNotSupportedException: Request method 'GET' not supported]
2022-08-21 00:55:45,481 INFO org.springframework.boot.StartupInfoLogger [main] Starting BankStatementControllerTest on LAPTOP-NHPUL6D0 with PID 7864 (started by manid in C:\Users\manid\OneDrive\Desktop\spring-boot-jwt-without-JPA\spring-boot-jwt)
2022-08-21 00:55:45,484 DEBUG org.springframework.boot.StartupInfoLogger [main] Running with Spring Boot v2.1.1.RELEASE, Spring v5.1.3.RELEASE
2022-08-21 00:55:45,487 INFO org.springframework.boot.SpringApplication [main] No active profile set, falling back to default profiles: default
2022-08-21 00:55:48,671 INFO org.springframework.boot.StartupInfoLogger [main] Started BankStatementControllerTest in 3.669 seconds (JVM running for 4.708)
2022-08-21 00:55:52,635 WARN org.springframework.web.servlet.handler.AbstractHandlerExceptionResolver [main] Resolved [org.springframework.web.HttpRequestMethodNotSupportedException: Request method 'GET' not supported]
2022-08-21 01:00:16,252 INFO org.springframework.boot.StartupInfoLogger [main] Starting BankStatementControllerTest on LAPTOP-NHPUL6D0 with PID 17840 (started by manid in C:\Users\manid\OneDrive\Desktop\spring-boot-jwt-without-JPA\spring-boot-jwt)
2022-08-21 01:00:16,254 DEBUG org.springframework.boot.StartupInfoLogger [main] Running with Spring Boot v2.1.1.RELEASE, Spring v5.1.3.RELEASE
2022-08-21 01:00:16,257 INFO org.springframework.boot.SpringApplication [main] No active profile set, falling back to default profiles: default
2022-08-21 01:00:19,595 INFO org.springframework.boot.StartupInfoLogger [main] Started BankStatementControllerTest in 3.796 seconds (JVM running for 4.919)
2022-08-21 01:00:23,890 WARN org.springframework.web.servlet.handler.AbstractHandlerExceptionResolver [main] Resolved [org.springframework.web.HttpMediaTypeNotSupportedException: Content type 'application/octet-stream' not supported]
2022-08-21 01:01:54,026 INFO org.springframework.boot.StartupInfoLogger [main] Starting BankStatementControllerTest on LAPTOP-NHPUL6D0 with PID 11428 (started by manid in C:\Users\manid\OneDrive\Desktop\spring-boot-jwt-without-JPA\spring-boot-jwt)
2022-08-21 01:01:54,028 DEBUG org.springframework.boot.StartupInfoLogger [main] Running with Spring Boot v2.1.1.RELEASE, Spring v5.1.3.RELEASE
2022-08-21 01:01:54,030 INFO org.springframework.boot.SpringApplication [main] No active profile set, falling back to default profiles: default
2022-08-21 01:01:57,234 INFO org.springframework.boot.StartupInfoLogger [main] Started BankStatementControllerTest in 3.679 seconds (JVM running for 4.727)
2022-08-21 01:02:02,699 WARN org.springframework.web.servlet.handler.AbstractHandlerExceptionResolver [main] Resolved [org.springframework.web.HttpMediaTypeNotSupportedException: Content type 'application/octet-stream' not supported]
2022-08-21 01:03:40,275 INFO org.springframework.boot.StartupInfoLogger [main] Starting BankStatementControllerTest on LAPTOP-NHPUL6D0 with PID 9536 (started by manid in C:\Users\manid\OneDrive\Desktop\spring-boot-jwt-without-JPA\spring-boot-jwt)
2022-08-21 01:03:40,278 DEBUG org.springframework.boot.StartupInfoLogger [main] Running with Spring Boot v2.1.1.RELEASE, Spring v5.1.3.RELEASE
2022-08-21 01:03:40,282 INFO org.springframework.boot.SpringApplication [main] No active profile set, falling back to default profiles: default
2022-08-21 01:03:43,547 INFO org.springframework.boot.StartupInfoLogger [main] Started BankStatementControllerTest in 3.707 seconds (JVM running for 4.729)
2022-08-21 01:03:50,172 WARN org.springframework.web.servlet.handler.AbstractHandlerExceptionResolver [main] Resolved [org.springframework.web.HttpMediaTypeNotSupportedException: Content type 'application/octet-stream' not supported]
2022-08-21 01:05:36,729 INFO org.springframework.boot.StartupInfoLogger [main] Starting BankStatementControllerTest on LAPTOP-NHPUL6D0 with PID 600 (started by manid in C:\Users\manid\OneDrive\Desktop\spring-boot-jwt-without-JPA\spring-boot-jwt)
2022-08-21 01:05:36,732 DEBUG org.springframework.boot.StartupInfoLogger [main] Running with Spring Boot v2.1.1.RELEASE, Spring v5.1.3.RELEASE
2022-08-21 01:05:36,735 INFO org.springframework.boot.SpringApplication [main] No active profile set, falling back to default profiles: default
2022-08-21 01:05:39,929 INFO org.springframework.boot.StartupInfoLogger [main] Started BankStatementControllerTest in 3.618 seconds (JVM running for 4.626)
2022-08-21 01:05:47,181 WARN org.springframework.web.servlet.handler.AbstractHandlerExceptionResolver [main] Resolved [org.springframework.web.HttpMediaTypeNotSupportedException: Content type 'application/octet-stream' not supported]
2022-08-21 01:08:39,351 INFO org.springframework.boot.StartupInfoLogger [main] Starting BankStatementControllerTest on LAPTOP-NHPUL6D0 with PID 18284 (started by manid in C:\Users\manid\OneDrive\Desktop\spring-boot-jwt-without-JPA\spring-boot-jwt)
2022-08-21 01:08:39,354 DEBUG org.springframework.boot.StartupInfoLogger [main] Running with Spring Boot v2.1.1.RELEASE, Spring v5.1.3.RELEASE
2022-08-21 01:08:39,357 INFO org.springframework.boot.SpringApplication [main] No active profile set, falling back to default profiles: default
2022-08-21 01:08:42,577 INFO org.springframework.boot.StartupInfoLogger [main] Started BankStatementControllerTest in 3.669 seconds (JVM running for 4.649)
2022-08-21 01:08:51,500 INFO com.bank.controller.BankStatementController [main] Entering
2022-08-21 01:09:11,756 INFO com.bank.dao.BankStatementDAOImpl [main] Entering
2022-08-21 01:09:25,876 INFO com.bank.dao.BankStatementDAOImpl [main] Leaving
2022-08-21 01:09:30,039 INFO com.bank.controller.BankStatementController [main] leaving
2022-08-21 01:10:30,985 INFO org.springframework.boot.StartupInfoLogger [main] Starting BankStatementControllerTest on LAPTOP-NHPUL6D0 with PID 17820 (started by manid in C:\Users\manid\OneDrive\Desktop\spring-boot-jwt-without-JPA\spring-boot-jwt)
2022-08-21 01:10:30,988 DEBUG org.springframework.boot.StartupInfoLogger [main] Running with Spring Boot v2.1.1.RELEASE, Spring v5.1.3.RELEASE
2022-08-21 01:10:30,992 INFO org.springframework.boot.SpringApplication [main] No active profile set, falling back to default profiles: default
2022-08-21 01:10:34,482 INFO org.springframework.boot.StartupInfoLogger [main] Started BankStatementControllerTest in 3.93 seconds (JVM running for 4.917)
2022-08-21 01:10:41,157 INFO com.bank.controller.BankStatementController [main] Entering
2022-08-21 01:10:43,657 INFO com.bank.dao.BankStatementDAOImpl [main] Entering
2022-08-21 01:10:59,554 INFO com.bank.dao.BankStatementDAOImpl [main] Leaving
2022-08-21 01:11:20,849 INFO com.bank.controller.BankStatementController [main] leaving
2022-08-21 01:20:35,159 INFO org.springframework.boot.StartupInfoLogger [main] Starting BankStatementControllerTest on LAPTOP-NHPUL6D0 with PID 17796 (started by manid in C:\Users\manid\OneDrive\Desktop\spring-boot-jwt-without-JPA\spring-boot-jwt)
2022-08-21 01:20:35,161 DEBUG org.springframework.boot.StartupInfoLogger [main] Running with Spring Boot v2.1.1.RELEASE, Spring v5.1.3.RELEASE
2022-08-21 01:20:35,163 INFO org.springframework.boot.SpringApplication [main] No active profile set, falling back to default profiles: default
2022-08-21 01:20:38,463 INFO org.springframework.boot.StartupInfoLogger [main] Started BankStatementControllerTest in 3.769 seconds (JVM running for 4.856)
2022-08-21 01:20:42,107 INFO com.bank.config.JwtRequestFilter [main] Entering
2022-08-21 01:20:42,112 WARN com.bank.config.JwtRequestFilter [main] JWT Token does not begin with Bearer String
2022-08-21 01:20:42,514 INFO com.bank.config.JwtAuthenticationEntryPoint [main] Entering
2022-08-21 01:20:42,526 INFO com.bank.config.JwtAuthenticationEntryPoint [main] Leaving
2022-08-21 01:20:42,532 INFO com.bank.config.JwtRequestFilter [main] Leaving
2022-08-21 01:39:12,532 INFO org.springframework.boot.StartupInfoLogger [main] Starting BankStatementControllerTest on LAPTOP-NHPUL6D0 with PID 8696 (started by manid in C:\Users\manid\OneDrive\Desktop\spring-boot-jwt-without-JPA\spring-boot-jwt)
2022-08-21 01:39:12,535 DEBUG org.springframework.boot.StartupInfoLogger [main] Running with Spring Boot v2.1.1.RELEASE, Spring v5.1.3.RELEASE
2022-08-21 01:39:12,540 INFO org.springframework.boot.SpringApplication [main] No active profile set, falling back to default profiles: default
2022-08-21 01:39:15,710 INFO org.springframework.boot.StartupInfoLogger [main] Started BankStatementControllerTest in 3.636 seconds (JVM running for 4.716)
2022-08-21 01:39:20,644 INFO com.bank.config.JwtRequestFilter [main] Entering
2022-08-21 01:39:20,649 WARN com.bank.config.JwtRequestFilter [main] JWT Token does not begin with Bearer String
2022-08-21 01:39:22,201 INFO com.bank.controller.JwtAuthenticationController [main] Entering
2022-08-21 01:39:22,206 INFO com.bank.controller.JwtAuthenticationController [main] Entering
2022-08-21 01:39:22,227 INFO com.bank.service.JwtUserDetailsService [main] Entering
2022-08-21 01:39:22,234 INFO com.bank.service.JwtUserDetailsService [main] Leaving
2022-08-21 01:39:22,277 INFO com.bank.controller.JwtAuthenticationController [main] Leaving
2022-08-21 01:39:22,282 INFO com.bank.service.JwtUserDetailsService [main] Entering
2022-08-21 01:39:22,288 INFO com.bank.service.JwtUserDetailsService [main] Leaving
2022-08-21 01:39:24,062 INFO com.bank.controller.JwtAuthenticationController [main] Leaving
2022-08-21 01:39:24,384 INFO com.bank.config.JwtRequestFilter [main] Leaving
2022-08-21 01:40:04,775 INFO com.bank.config.JwtRequestFilter [main] Entering
2022-08-21 01:41:13,125 INFO org.springframework.boot.StartupInfoLogger [main] Starting BankStatementControllerTest on LAPTOP-NHPUL6D0 with PID 18300 (started by manid in C:\Users\manid\OneDrive\Desktop\spring-boot-jwt-without-JPA\spring-boot-jwt)
2022-08-21 01:41:13,127 DEBUG org.springframework.boot.StartupInfoLogger [main] Running with Spring Boot v2.1.1.RELEASE, Spring v5.1.3.RELEASE
2022-08-21 01:41:13,131 INFO org.springframework.boot.SpringApplication [main] No active profile set, falling back to default profiles: default
2022-08-21 01:41:16,296 INFO org.springframework.boot.StartupInfoLogger [main] Started BankStatementControllerTest in 3.639 seconds (JVM running for 4.638)
2022-08-21 01:41:28,808 INFO com.bank.config.JwtRequestFilter [main] Entering
2022-08-21 01:41:28,812 WARN com.bank.config.JwtRequestFilter [main] JWT Token does not begin with Bearer String
2022-08-21 01:41:30,354 INFO com.bank.controller.JwtAuthenticationController [main] Entering
2022-08-21 01:41:31,731 INFO com.bank.controller.JwtAuthenticationController [main] Entering
2022-08-21 01:41:31,751 INFO com.bank.service.JwtUserDetailsService [main] Entering
2022-08-21 01:41:31,756 INFO com.bank.service.JwtUserDetailsService [main] Leaving
2022-08-21 01:41:31,804 INFO com.bank.controller.JwtAuthenticationController [main] Leaving
2022-08-21 01:41:40,454 INFO com.bank.service.JwtUserDetailsService [main] Entering
2022-08-21 01:41:40,460 INFO com.bank.service.JwtUserDetailsService [main] Leaving
2022-08-21 01:41:51,235 INFO com.bank.controller.JwtAuthenticationController [main] Leaving
2022-08-21 01:41:53,692 INFO com.bank.config.JwtRequestFilter [main] Leaving
2022-08-21 01:42:55,428 INFO org.springframework.boot.StartupInfoLogger [main] Starting BankStatementControllerTest on LAPTOP-NHPUL6D0 with PID 7544 (started by manid in C:\Users\manid\OneDrive\Desktop\spring-boot-jwt-without-JPA\spring-boot-jwt)
2022-08-21 01:42:55,430 DEBUG org.springframework.boot.StartupInfoLogger [main] Running with Spring Boot v2.1.1.RELEASE, Spring v5.1.3.RELEASE
2022-08-21 01:42:55,434 INFO org.springframework.boot.SpringApplication [main] No active profile set, falling back to default profiles: default
2022-08-21 01:42:58,716 INFO org.springframework.boot.StartupInfoLogger [main] Started BankStatementControllerTest in 3.734 seconds (JVM running for 4.798)
2022-08-21 01:43:05,252 INFO com.bank.config.JwtRequestFilter [main] Entering
2022-08-21 01:43:05,256 WARN com.bank.config.JwtRequestFilter [main] JWT Token does not begin with Bearer String
2022-08-21 01:43:06,754 INFO com.bank.controller.JwtAuthenticationController [main] Entering
2022-08-21 01:43:08,150 INFO com.bank.controller.JwtAuthenticationController [main] Entering
2022-08-21 01:43:08,178 INFO com.bank.service.JwtUserDetailsService [main] Entering
2022-08-21 01:43:08,185 INFO com.bank.service.JwtUserDetailsService [main] Leaving
2022-08-21 01:43:08,229 INFO com.bank.controller.JwtAuthenticationController [main] Leaving
2022-08-21 01:43:09,255 INFO com.bank.service.JwtUserDetailsService [main] Entering
2022-08-21 01:43:09,260 INFO com.bank.service.JwtUserDetailsService [main] Leaving
2022-08-21 01:43:12,008 INFO com.bank.controller.JwtAuthenticationController [main] Leaving
2022-08-21 01:43:14,801 INFO com.bank.config.JwtRequestFilter [main] Leaving
2022-08-21 01:43:25,819 INFO com.bank.config.JwtRequestFilter [main] Entering
2022-08-21 01:44:05,807 INFO org.springframework.boot.StartupInfoLogger [main] Starting BankStatementControllerTest on LAPTOP-NHPUL6D0 with PID 11784 (started by manid in C:\Users\manid\OneDrive\Desktop\spring-boot-jwt-without-JPA\spring-boot-jwt)
2022-08-21 01:44:05,809 DEBUG org.springframework.boot.StartupInfoLogger [main] Running with Spring Boot v2.1.1.RELEASE, Spring v5.1.3.RELEASE
2022-08-21 01:44:05,811 INFO org.springframework.boot.SpringApplication [main] No active profile set, falling back to default profiles: default
2022-08-21 01:44:09,113 INFO org.springframework.boot.StartupInfoLogger [main] Started BankStatementControllerTest in 3.758 seconds (JVM running for 4.826)
2022-08-21 01:44:14,959 INFO com.bank.config.JwtRequestFilter [main] Entering
2022-08-21 01:44:14,964 WARN com.bank.config.JwtRequestFilter [main] JWT Token does not begin with Bearer String
2022-08-21 01:44:16,451 INFO com.bank.controller.JwtAuthenticationController [main] Entering
2022-08-21 01:44:17,125 INFO com.bank.controller.JwtAuthenticationController [main] Entering
2022-08-21 01:44:17,151 INFO com.bank.service.JwtUserDetailsService [main] Entering
2022-08-21 01:44:17,156 INFO com.bank.service.JwtUserDetailsService [main] Leaving
2022-08-21 01:44:17,198 INFO com.bank.controller.JwtAuthenticationController [main] Leaving
2022-08-21 01:44:17,630 INFO com.bank.service.JwtUserDetailsService [main] Entering
2022-08-21 01:44:17,637 INFO com.bank.service.JwtUserDetailsService [main] Leaving
2022-08-21 01:44:19,682 INFO com.bank.controller.JwtAuthenticationController [main] Leaving
2022-08-21 01:44:22,618 INFO com.bank.config.JwtRequestFilter [main] Leaving
2022-08-21 01:44:35,198 INFO com.bank.config.JwtRequestFilter [main] Entering
2022-08-21 01:47:20,610 INFO org.springframework.boot.StartupInfoLogger [main] Starting BankStatementControllerTest on LAPTOP-NHPUL6D0 with PID 3016 (started by manid in C:\Users\manid\OneDrive\Desktop\spring-boot-jwt-without-JPA\spring-boot-jwt)
2022-08-21 01:47:20,613 DEBUG org.springframework.boot.StartupInfoLogger [main] Running with Spring Boot v2.1.1.RELEASE, Spring v5.1.3.RELEASE
2022-08-21 01:47:20,615 INFO org.springframework.boot.SpringApplication [main] No active profile set, falling back to default profiles: default
2022-08-21 01:47:23,770 INFO org.springframework.boot.StartupInfoLogger [main] Started BankStatementControllerTest in 3.611 seconds (JVM running for 4.632)
2022-08-21 01:47:34,297 INFO com.bank.config.JwtRequestFilter [main] Entering
2022-08-21 01:47:34,302 WARN com.bank.config.JwtRequestFilter [main] JWT Token does not begin with Bearer String
2022-08-21 01:47:35,832 INFO com.bank.controller.JwtAuthenticationController [main] Entering
2022-08-21 01:47:35,838 INFO com.bank.controller.JwtAuthenticationController [main] Entering
2022-08-21 01:47:35,858 INFO com.bank.service.JwtUserDetailsService [main] Entering
2022-08-21 01:47:35,863 INFO com.bank.service.JwtUserDetailsService [main] Leaving
2022-08-21 01:47:35,909 INFO com.bank.controller.JwtAuthenticationController [main] Leaving
2022-08-21 01:47:35,917 INFO com.bank.service.JwtUserDetailsService [main] Entering
2022-08-21 01:47:35,924 INFO com.bank.service.JwtUserDetailsService [main] Leaving
2022-08-21 01:47:37,346 INFO com.bank.controller.JwtAuthenticationController [main] Leaving
2022-08-21 01:47:37,674 INFO com.bank.config.JwtRequestFilter [main] Leaving
2022-08-21 01:48:00,210 INFO com.bank.config.JwtRequestFilter [main] Entering
2022-08-21 01:50:09,903 INFO org.springframework.boot.StartupInfoLogger [main] Starting BankStatementControllerTest on LAPTOP-NHPUL6D0 with PID 14396 (started by manid in C:\Users\manid\OneDrive\Desktop\spring-boot-jwt-without-JPA\spring-boot-jwt)
2022-08-21 01:50:09,905 DEBUG org.springframework.boot.StartupInfoLogger [main] Running with Spring Boot v2.1.1.RELEASE, Spring v5.1.3.RELEASE
2022-08-21 01:50:09,908 INFO org.springframework.boot.SpringApplication [main] No active profile set, falling back to default profiles: default
2022-08-21 01:50:13,043 INFO org.springframework.boot.StartupInfoLogger [main] Started BankStatementControllerTest in 3.584 seconds (JVM running for 4.631)
2022-08-21 01:50:15,034 INFO com.bank.config.JwtRequestFilter [main] Entering
2022-08-21 01:50:15,039 WARN com.bank.config.JwtRequestFilter [main] JWT Token does not begin with Bearer String
2022-08-21 01:50:16,496 INFO com.bank.controller.JwtAuthenticationController [main] Entering
2022-08-21 01:50:16,502 INFO com.bank.controller.JwtAuthenticationController [main] Entering
2022-08-21 01:50:16,524 INFO com.bank.service.JwtUserDetailsService [main] Entering
2022-08-21 01:50:16,530 INFO com.bank.service.JwtUserDetailsService [main] Leaving
2022-08-21 01:50:16,570 INFO com.bank.controller.JwtAuthenticationController [main] Leaving
2022-08-21 01:50:16,574 INFO com.bank.service.JwtUserDetailsService [main] Entering
2022-08-21 01:50:16,581 INFO com.bank.service.JwtUserDetailsService [main] Leaving
2022-08-21 01:50:18,108 INFO com.bank.controller.JwtAuthenticationController [main] Leaving
2022-08-21 01:50:18,407 INFO com.bank.config.JwtRequestFilter [main] Leaving
2022-08-21 01:50:44,625 INFO com.bank.config.JwtRequestFilter [main] Entering
2022-08-21 01:51:13,084 INFO org.springframework.boot.StartupInfoLogger [main] Starting BankStatementControllerTest on LAPTOP-NHPUL6D0 with PID 2704 (started by manid in C:\Users\manid\OneDrive\Desktop\spring-boot-jwt-without-JPA\spring-boot-jwt)
2022-08-21 01:51:13,086 DEBUG org.springframework.boot.StartupInfoLogger [main] Running with Spring Boot v2.1.1.RELEASE, Spring v5.1.3.RELEASE
2022-08-21 01:51:13,088 INFO org.springframework.boot.SpringApplication [main] No active profile set, falling back to default profiles: default
2022-08-21 01:51:16,245 INFO org.springframework.boot.StartupInfoLogger [main] Started BankStatementControllerTest in 3.593 seconds (JVM running for 4.608)
2022-08-21 01:51:21,994 INFO com.bank.config.JwtRequestFilter [main] Entering
2022-08-21 01:51:21,999 WARN com.bank.config.JwtRequestFilter [main] JWT Token does not begin with Bearer String
2022-08-21 01:51:23,447 INFO com.bank.controller.JwtAuthenticationController [main] Entering
2022-08-21 01:51:23,452 INFO com.bank.controller.JwtAuthenticationController [main] Entering
2022-08-21 01:51:23,470 INFO com.bank.service.JwtUserDetailsService [main] Entering
2022-08-21 01:51:23,475 INFO com.bank.service.JwtUserDetailsService [main] Leaving
2022-08-21 01:51:23,513 INFO com.bank.controller.JwtAuthenticationController [main] Leaving
2022-08-21 01:51:23,517 INFO com.bank.service.JwtUserDetailsService [main] Entering
2022-08-21 01:51:23,523 INFO com.bank.service.JwtUserDetailsService [main] Leaving
2022-08-21 01:51:24,842 INFO com.bank.controller.JwtAuthenticationController [main] Leaving
2022-08-21 01:51:25,156 INFO com.bank.config.JwtRequestFilter [main] Leaving
2022-08-21 01:55:15,493 INFO org.springframework.boot.StartupInfoLogger [main] Starting BankStatementControllerTest on LAPTOP-NHPUL6D0 with PID 17832 (started by manid in C:\Users\manid\OneDrive\Desktop\spring-boot-jwt-without-JPA\spring-boot-jwt)
2022-08-21 01:55:15,495 DEBUG org.springframework.boot.StartupInfoLogger [main] Running with Spring Boot v2.1.1.RELEASE, Spring v5.1.3.RELEASE
2022-08-21 01:55:15,497 INFO org.springframework.boot.SpringApplication [main] No active profile set, falling back to default profiles: default
2022-08-21 01:55:18,633 INFO org.springframework.boot.StartupInfoLogger [main] Started BankStatementControllerTest in 3.602 seconds (JVM running for 4.615)
2022-08-21 01:55:21,716 INFO com.bank.config.JwtRequestFilter [main] Entering
2022-08-21 01:55:21,721 WARN com.bank.config.JwtRequestFilter [main] JWT Token does not begin with Bearer String
2022-08-21 01:55:23,203 INFO com.bank.controller.JwtAuthenticationController [main] Entering
2022-08-21 01:55:23,212 INFO com.bank.controller.JwtAuthenticationController [main] Entering
2022-08-21 01:55:23,237 INFO com.bank.service.JwtUserDetailsService [main] Entering
2022-08-21 01:55:23,244 INFO com.bank.service.JwtUserDetailsService [main] Leaving
2022-08-21 01:55:23,283 INFO com.bank.controller.JwtAuthenticationController [main] Leaving
2022-08-21 01:55:23,288 INFO com.bank.service.JwtUserDetailsService [main] Entering
2022-08-21 01:55:23,293 INFO com.bank.service.JwtUserDetailsService [main] Leaving
2022-08-21 01:55:24,842 INFO com.bank.controller.JwtAuthenticationController [main] Leaving
2022-08-21 01:55:25,152 INFO com.bank.config.JwtRequestFilter [main] Leaving
2022-08-21 01:55:40,713 INFO com.bank.config.JwtRequestFilter [main] Entering
2022-08-21 01:55:41,272 INFO com.bank.service.JwtUserDetailsService [main] Entering
2022-08-21 01:55:41,277 INFO com.bank.service.JwtUserDetailsService [main] Leaving
2022-08-21 01:55:43,358 INFO com.bank.controller.BankStatementController [main] Entering
2022-08-21 01:55:47,155 INFO com.bank.dao.BankStatementDAOImpl [main] Entering
2022-08-21 01:55:57,746 INFO com.bank.dao.BankStatementDAOImpl [main] Leaving
2022-08-21 01:56:02,687 INFO com.bank.controller.BankStatementController [main] leaving
2022-08-21 01:56:36,356 INFO com.bank.service.BankStatementsServiceImpl [main] Entering
2022-08-21 01:56:37,223 INFO com.bank.dao.BankStatementDAOImpl [main] Entering
2022-08-21 01:56:39,070 INFO com.bank.dao.BankStatementDAOImpl [main] Leaving
2022-08-21 01:56:42,223 INFO com.bank.service.BankStatementsServiceImpl [main] Leaving
2022-08-21 01:56:54,416 INFO com.bank.config.JwtRequestFilter [main] Leaving
2022-08-21 01:57:46,930 INFO org.springframework.boot.StartupInfoLogger [main] Starting BankStatementControllerTest on LAPTOP-NHPUL6D0 with PID 15544 (started by manid in C:\Users\manid\OneDrive\Desktop\spring-boot-jwt-without-JPA\spring-boot-jwt)
2022-08-21 01:57:46,935 DEBUG org.springframework.boot.StartupInfoLogger [main] Running with Spring Boot v2.1.1.RELEASE, Spring v5.1.3.RELEASE
2022-08-21 01:57:46,938 INFO org.springframework.boot.SpringApplication [main] No active profile set, falling back to default profiles: default
2022-08-21 01:57:50,233 INFO org.springframework.boot.StartupInfoLogger [main] Started BankStatementControllerTest in 3.86 seconds (JVM running for 4.866)
2022-08-21 01:57:50,690 INFO com.bank.config.JwtRequestFilter [main] Entering
2022-08-21 01:57:50,691 WARN com.bank.config.JwtRequestFilter [main] JWT Token does not begin with Bearer String
2022-08-21 01:57:50,764 INFO com.bank.controller.JwtAuthenticationController [main] Entering
2022-08-21 01:57:50,764 INFO com.bank.controller.JwtAuthenticationController [main] Entering
2022-08-21 01:57:50,767 INFO com.bank.service.JwtUserDetailsService [main] Entering
2022-08-21 01:57:50,767 INFO com.bank.service.JwtUserDetailsService [main] Leaving
2022-08-21 01:57:50,774 INFO com.bank.controller.JwtAuthenticationController [main] Leaving
2022-08-21 01:57:50,775 INFO com.bank.service.JwtUserDetailsService [main] Entering
2022-08-21 01:57:50,775 INFO com.bank.service.JwtUserDetailsService [main] Leaving
2022-08-21 01:57:50,858 INFO com.bank.controller.JwtAuthenticationController [main] Leaving
2022-08-21 01:57:50,881 INFO com.bank.config.JwtRequestFilter [main] Leaving
2022-08-21 01:57:50,889 INFO com.bank.config.JwtRequestFilter [main] Entering
2022-08-21 01:57:50,919 INFO com.bank.service.JwtUserDetailsService [main] Entering
2022-08-21 01:57:50,920 INFO com.bank.service.JwtUserDetailsService [main] Leaving
2022-08-21 01:57:50,931 INFO com.bank.controller.BankStatementController [main] Entering
2022-08-21 01:57:50,939 INFO com.bank.dao.BankStatementDAOImpl [main] Entering
2022-08-21 01:57:51,506 INFO com.bank.dao.BankStatementDAOImpl [main] Leaving
2022-08-21 01:57:51,507 INFO com.bank.controller.BankStatementController [main] leaving
2022-08-21 01:57:51,507 INFO com.bank.service.BankStatementsServiceImpl [main] Entering
2022-08-21 01:57:51,507 INFO com.bank.dao.BankStatementDAOImpl [main] Entering
2022-08-21 01:57:51,569 INFO com.bank.dao.BankStatementDAOImpl [main] Leaving
2022-08-21 01:57:51,591 INFO com.bank.service.BankStatementsServiceImpl [main] Leaving
2022-08-21 01:57:51,605 INFO com.bank.config.JwtRequestFilter [main] Leaving
2022-08-21 01:58:26,920 INFO org.springframework.boot.StartupInfoLogger [main] Starting BankStatementControllerTest on LAPTOP-NHPUL6D0 with PID 7380 (started by manid in C:\Users\manid\OneDrive\Desktop\spring-boot-jwt-without-JPA\spring-boot-jwt)
2022-08-21 01:58:26,923 DEBUG org.springframework.boot.StartupInfoLogger [main] Running with Spring Boot v2.1.1.RELEASE, Spring v5.1.3.RELEASE
2022-08-21 01:58:26,925 INFO org.springframework.boot.SpringApplication [main] No active profile set, falling back to default profiles: default
2022-08-21 01:58:30,157 INFO org.springframework.boot.StartupInfoLogger [main] Started BankStatementControllerTest in 3.664 seconds (JVM running for 4.624)
2022-08-21 01:58:30,627 INFO com.bank.config.JwtRequestFilter [main] Entering
2022-08-21 01:58:30,628 WARN com.bank.config.JwtRequestFilter [main] JWT Token does not begin with Bearer String
2022-08-21 01:58:30,716 INFO com.bank.controller.JwtAuthenticationController [main] Entering
2022-08-21 01:58:30,717 INFO com.bank.controller.JwtAuthenticationController [main] Entering
2022-08-21 01:58:30,720 INFO com.bank.service.JwtUserDetailsService [main] Entering
2022-08-21 01:58:30,720 INFO com.bank.service.JwtUserDetailsService [main] Leaving
2022-08-21 01:58:30,723 INFO com.bank.controller.JwtAuthenticationController [main] Leaving
2022-08-21 01:58:30,724 INFO com.bank.service.JwtUserDetailsService [main] Entering
2022-08-21 01:58:30,724 INFO com.bank.service.JwtUserDetailsService [main] Leaving
2022-08-21 01:58:30,792 INFO com.bank.controller.JwtAuthenticationController [main] Leaving
2022-08-21 01:58:30,817 INFO com.bank.config.JwtRequestFilter [main] Leaving
2022-08-21 01:58:30,828 INFO com.bank.config.JwtRequestFilter [main] Entering
2022-08-21 01:58:30,858 INFO com.bank.service.JwtUserDetailsService [main] Entering
2022-08-21 01:58:30,858 INFO com.bank.service.JwtUserDetailsService [main] Leaving
2022-08-21 01:58:30,871 INFO com.bank.controller.BankStatementController [main] Entering
2022-08-21 01:58:30,881 INFO com.bank.dao.BankStatementDAOImpl [main] Entering
2022-08-21 01:58:31,468 INFO com.bank.dao.BankStatementDAOImpl [main] Leaving
2022-08-21 01:58:31,469 INFO com.bank.controller.BankStatementController [main] leaving
2022-08-21 01:58:31,469 INFO com.bank.service.BankStatementsServiceImpl [main] Entering
2022-08-21 01:58:31,469 INFO com.bank.dao.BankStatementDAOImpl [main] Entering
2022-08-21 01:58:31,537 INFO com.bank.dao.BankStatementDAOImpl [main] Leaving
2022-08-21 01:58:31,561 INFO com.bank.service.BankStatementsServiceImpl [main] Leaving
2022-08-21 01:58:31,577 INFO com.bank.config.JwtRequestFilter [main] Leaving
2022-08-21 02:04:13,311 INFO org.springframework.boot.StartupInfoLogger [main] Starting BankStatementControllerTest on LAPTOP-NHPUL6D0 with PID 17416 (started by manid in C:\Users\manid\OneDrive\Desktop\spring-boot-jwt-without-JPA\spring-boot-jwt)
2022-08-21 02:04:13,315 DEBUG org.springframework.boot.StartupInfoLogger [main] Running with Spring Boot v2.1.1.RELEASE, Spring v5.1.3.RELEASE
2022-08-21 02:04:13,318 INFO org.springframework.boot.SpringApplication [main] No active profile set, falling back to default profiles: default
2022-08-21 02:04:16,855 INFO org.springframework.boot.StartupInfoLogger [main] Started BankStatementControllerTest in 4.128 seconds (JVM running for 5.688)
2022-08-21 02:04:17,441 INFO com.bank.config.JwtRequestFilter [main] Entering
2022-08-21 02:04:17,441 WARN com.bank.config.JwtRequestFilter [main] JWT Token does not begin with Bearer String
2022-08-21 02:04:17,530 INFO com.bank.controller.JwtAuthenticationController [main] Entering
2022-08-21 02:04:17,531 INFO com.bank.controller.JwtAuthenticationController [main] Entering
2022-08-21 02:04:17,532 INFO com.bank.service.JwtUserDetailsService [main] Entering
2022-08-21 02:04:17,532 INFO com.bank.service.JwtUserDetailsService [main] Leaving
2022-08-21 02:04:17,535 INFO com.bank.controller.JwtAuthenticationController [main] Leaving
2022-08-21 02:04:17,535 INFO com.bank.service.JwtUserDetailsService [main] Entering
2022-08-21 02:04:17,535 INFO com.bank.service.JwtUserDetailsService [main] Leaving
2022-08-21 02:04:17,634 INFO com.bank.controller.JwtAuthenticationController [main] Leaving
2022-08-21 02:04:17,667 INFO com.bank.config.JwtRequestFilter [main] Leaving
2022-08-21 02:04:17,681 INFO com.bank.config.JwtRequestFilter [main] Entering
2022-08-21 02:04:17,772 INFO com.bank.service.JwtUserDetailsService [main] Entering
2022-08-21 02:04:17,776 INFO com.bank.service.JwtUserDetailsService [main] Leaving
2022-08-21 02:04:17,827 INFO com.bank.controller.BankStatementController [main] Entering
2022-08-21 02:04:17,851 INFO com.bank.dao.BankStatementDAOImpl [main] Entering
2022-08-21 02:04:18,899 INFO com.bank.dao.BankStatementDAOImpl [main] Leaving
2022-08-21 02:04:18,900 INFO com.bank.controller.BankStatementController [main] leaving
2022-08-21 02:04:18,901 INFO com.bank.service.BankStatementsServiceImpl [main] Entering
2022-08-21 02:04:18,901 INFO com.bank.dao.BankStatementDAOImpl [main] Entering
2022-08-21 02:04:18,992 INFO com.bank.dao.BankStatementDAOImpl [main] Leaving
2022-08-21 02:04:19,014 INFO com.bank.service.BankStatementsServiceImpl [main] Leaving
2022-08-21 02:04:19,028 INFO com.bank.config.JwtRequestFilter [main] Leaving
2022-08-21 02:08:12,211 INFO org.springframework.boot.StartupInfoLogger [main] Starting BankStatementControllerTest on LAPTOP-NHPUL6D0 with PID 14600 (started by manid in C:\Users\manid\OneDrive\Desktop\spring-boot-jwt-without-JPA\spring-boot-jwt)
2022-08-21 02:08:12,214 DEBUG org.springframework.boot.StartupInfoLogger [main] Running with Spring Boot v2.1.1.RELEASE, Spring v5.1.3.RELEASE
2022-08-21 02:08:12,218 INFO org.springframework.boot.SpringApplication [main] No active profile set, falling back to default profiles: default
2022-08-21 02:08:15,579 INFO org.springframework.boot.StartupInfoLogger [main] Started BankStatementControllerTest in 3.906 seconds (JVM running for 5.255)
2022-08-21 02:08:16,067 INFO com.bank.config.JwtRequestFilter [main] Entering
2022-08-21 02:08:16,068 WARN com.bank.config.JwtRequestFilter [main] JWT Token does not begin with Bearer String
2022-08-21 02:08:16,140 INFO com.bank.controller.JwtAuthenticationController [main] Entering
2022-08-21 02:08:16,140 INFO com.bank.controller.JwtAuthenticationController [main] Entering
2022-08-21 02:08:16,141 INFO com.bank.service.JwtUserDetailsService [main] Entering
2022-08-21 02:08:16,143 INFO com.bank.service.JwtUserDetailsService [main] Leaving
2022-08-21 02:08:16,146 INFO com.bank.controller.JwtAuthenticationController [main] Leaving
2022-08-21 02:08:16,146 INFO com.bank.service.JwtUserDetailsService [main] Entering
2022-08-21 02:08:16,147 INFO com.bank.service.JwtUserDetailsService [main] Leaving
2022-08-21 02:08:16,228 INFO com.bank.controller.JwtAuthenticationController [main] Leaving
2022-08-21 02:08:16,249 INFO com.bank.config.JwtRequestFilter [main] Leaving
2022-08-21 02:08:16,262 INFO com.bank.config.JwtRequestFilter [main] Entering
2022-08-21 02:08:16,287 INFO com.bank.service.JwtUserDetailsService [main] Entering
2022-08-21 02:08:16,288 INFO com.bank.service.JwtUserDetailsService [main] Leaving
2022-08-21 02:08:16,301 INFO com.bank.controller.BankStatementController [main] Entering
2022-08-21 02:08:16,309 INFO com.bank.dao.BankStatementDAOImpl [main] Entering
