2022-08-20 21:21:43,406 INFO org.springframework.boot.StartupInfoLogger [main] Starting SpringBootHelloWorldApplication on LAPTOP-NHPUL6D0 with PID 17760 (C:\Users\manid\OneDrive\Desktop\spring-boot-jwt-without-JPA\spring-boot-jwt\target\classes started by manid in C:\Users\manid\OneDrive\Desktop\spring-boot-jwt-without-JPA\spring-boot-jwt)
2022-08-20 21:21:43,411 DEBUG org.springframework.boot.StartupInfoLogger [main] Running with Spring Boot v2.1.1.RELEASE, Spring v5.1.3.RELEASE
2022-08-20 21:21:43,413 INFO org.springframework.boot.SpringApplication [main] No active profile set, falling back to default profiles: default
2022-08-20 21:21:44,630 DEBUG org.springframework.web.filter.GenericFilterBean [main] Filter 'jwtRequestFilter' configured for use
2022-08-20 21:21:45,275 INFO org.springframework.boot.StartupInfoLogger [main] Started SpringBootHelloWorldApplication in 2.201 seconds (JVM running for 2.996)
2022-08-20 21:22:22,039 INFO com.bank.controller.HelloWorldController [http-nio-8080-exec-3] Entering
2022-08-20 21:22:22,052 INFO com.bank.dao.BankStatementDAOImpl [http-nio-8080-exec-3] Entering
2022-08-20 21:22:22,067 INFO com.bank.dao.BankStatementDAOImpl [http-nio-8080-exec-3] Leaving
2022-08-20 21:22:22,068 INFO com.bank.controller.HelloWorldController [http-nio-8080-exec-3] leaving
2022-08-20 21:22:22,070 INFO com.bank.service.BankStatementsServiceImpl [http-nio-8080-exec-3] Entering
2022-08-20 21:22:22,070 INFO com.bank.dao.BankStatementDAOImpl [http-nio-8080-exec-3] Entering
2022-08-20 21:22:22,096 INFO com.bank.dao.BankStatementDAOImpl [http-nio-8080-exec-3] Leaving
2022-08-20 21:22:22,137 INFO com.bank.service.BankStatementsServiceImpl [http-nio-8080-exec-3] Leaving
2022-08-20 21:25:38,899 INFO org.springframework.boot.StartupInfoLogger [main] Starting SpringBootHelloWorldApplication on LAPTOP-NHPUL6D0 with PID 17724 (C:\Users\manid\OneDrive\Desktop\spring-boot-jwt-without-JPA\spring-boot-jwt\target\classes started by manid in C:\Users\manid\OneDrive\Desktop\spring-boot-jwt-without-JPA\spring-boot-jwt)
2022-08-20 21:25:38,904 DEBUG org.springframework.boot.StartupInfoLogger [main] Running with Spring Boot v2.1.1.RELEASE, Spring v5.1.3.RELEASE
2022-08-20 21:25:38,905 INFO org.springframework.boot.SpringApplication [main] No active profile set, falling back to default profiles: default
2022-08-20 21:25:40,052 DEBUG org.springframework.web.filter.GenericFilterBean [main] Filter 'jwtRequestFilter' configured for use
2022-08-20 21:25:40,693 INFO org.springframework.boot.StartupInfoLogger [main] Started SpringBootHelloWorldApplication in 2.094 seconds (JVM running for 2.845)
2022-08-20 21:25:52,498 INFO com.bank.controller.HelloWorldController [http-nio-8080-exec-1] Entering
2022-08-20 21:25:52,512 INFO com.bank.dao.BankStatementDAOImpl [http-nio-8080-exec-1] Entering
2022-08-20 21:25:54,058 INFO com.bank.dao.BankStatementDAOImpl [http-nio-8080-exec-1] Leaving
2022-08-20 21:25:54,059 INFO com.bank.controller.HelloWorldController [http-nio-8080-exec-1] leaving
2022-08-20 21:25:54,060 INFO com.bank.service.BankStatementsServiceImpl [http-nio-8080-exec-1] Entering
2022-08-20 21:25:54,063 INFO com.bank.dao.BankStatementDAOImpl [http-nio-8080-exec-1] Entering
2022-08-20 21:25:54,208 INFO com.bank.dao.BankStatementDAOImpl [http-nio-8080-exec-1] Leaving
2022-08-20 21:25:54,261 INFO com.bank.service.BankStatementsServiceImpl [http-nio-8080-exec-1] Leaving
2022-08-20 22:54:08,367 INFO org.springframework.boot.StartupInfoLogger [main] Starting SpringBootHelloWorldApplication on LAPTOP-NHPUL6D0 with PID 17452 (C:\Users\manid\OneDrive\Desktop\spring-boot-jwt-without-JPA\spring-boot-jwt\target\classes started by manid in C:\Users\manid\OneDrive\Desktop\spring-boot-jwt-without-JPA\spring-boot-jwt)
2022-08-20 22:54:08,372 DEBUG org.springframework.boot.StartupInfoLogger [main] Running with Spring Boot v2.1.1.RELEASE, Spring v5.1.3.RELEASE
2022-08-20 22:54:08,374 INFO org.springframework.boot.SpringApplication [main] No active profile set, falling back to default profiles: default
2022-08-20 22:54:09,452 DEBUG org.springframework.web.filter.GenericFilterBean [main] Filter 'jwtRequestFilter' configured for use
2022-08-20 22:54:10,062 INFO org.springframework.boot.StartupInfoLogger [main] Started SpringBootHelloWorldApplication in 2.011 seconds (JVM running for 2.662)
2022-08-20 22:54:23,029 INFO com.bank.config.JwtRequestFilter [http-nio-8080-exec-2] Entering
2022-08-20 22:54:23,094 INFO com.bank.service.JwtUserDetailsService [http-nio-8080-exec-2] Entering
2022-08-20 22:54:23,094 INFO com.bank.service.JwtUserDetailsService [http-nio-8080-exec-2] Leaving
2022-08-20 22:54:23,170 INFO com.bank.controller.HelloWorldController [http-nio-8080-exec-2] Entering
2022-08-20 22:54:23,179 INFO com.bank.dao.BankStatementDAOImpl [http-nio-8080-exec-2] Entering
2022-08-20 22:54:23,662 INFO com.bank.dao.BankStatementDAOImpl [http-nio-8080-exec-2] Leaving
2022-08-20 22:54:23,662 INFO com.bank.controller.HelloWorldController [http-nio-8080-exec-2] leaving
2022-08-20 22:54:23,663 INFO com.bank.service.BankStatementsServiceImpl [http-nio-8080-exec-2] Entering
2022-08-20 22:54:23,663 INFO com.bank.dao.BankStatementDAOImpl [http-nio-8080-exec-2] Entering
2022-08-20 22:54:23,719 INFO com.bank.dao.BankStatementDAOImpl [http-nio-8080-exec-2] Leaving
2022-08-20 22:54:23,743 INFO com.bank.service.BankStatementsServiceImpl [http-nio-8080-exec-2] Leaving
2022-08-20 22:54:23,790 INFO com.bank.config.JwtRequestFilter [http-nio-8080-exec-2] Leaving
2022-08-20 22:54:32,045 INFO com.bank.config.JwtRequestFilter [http-nio-8080-exec-3] Entering
2022-08-20 22:54:32,047 INFO com.bank.service.JwtUserDetailsService [http-nio-8080-exec-3] Entering
2022-08-20 22:54:32,047 INFO com.bank.service.JwtUserDetailsService [http-nio-8080-exec-3] Leaving
2022-08-20 22:54:32,050 INFO com.bank.controller.HelloWorldController [http-nio-8080-exec-3] Entering
2022-08-20 22:54:32,050 INFO com.bank.dao.BankStatementDAOImpl [http-nio-8080-exec-3] Entering
2022-08-20 22:54:32,052 INFO com.bank.dao.BankStatementDAOImpl [http-nio-8080-exec-3] Leaving
2022-08-20 22:54:32,052 INFO com.bank.controller.HelloWorldController [http-nio-8080-exec-3] leaving
2022-08-20 22:54:32,052 INFO com.bank.service.BankStatementsServiceImpl [http-nio-8080-exec-3] Entering
2022-08-20 22:54:32,052 INFO com.bank.dao.BankStatementDAOImpl [http-nio-8080-exec-3] Entering
2022-08-20 22:54:32,077 INFO com.bank.dao.BankStatementDAOImpl [http-nio-8080-exec-3] Leaving
2022-08-20 22:54:32,082 INFO com.bank.service.BankStatementsServiceImpl [http-nio-8080-exec-3] Leaving
2022-08-20 22:54:32,084 INFO com.bank.config.JwtRequestFilter [http-nio-8080-exec-3] Leaving
2022-08-20 22:54:41,447 INFO com.bank.config.JwtRequestFilter [http-nio-8080-exec-4] Entering
2022-08-20 22:54:41,449 INFO com.bank.service.JwtUserDetailsService [http-nio-8080-exec-4] Entering
2022-08-20 22:54:41,450 INFO com.bank.service.JwtUserDetailsService [http-nio-8080-exec-4] Leaving
2022-08-20 22:54:41,452 INFO com.bank.controller.HelloWorldController [http-nio-8080-exec-4] Entering
2022-08-20 22:54:41,453 INFO com.bank.dao.BankStatementDAOImpl [http-nio-8080-exec-4] Entering
2022-08-20 22:54:41,454 INFO com.bank.dao.BankStatementDAOImpl [http-nio-8080-exec-4] Leaving
2022-08-20 22:54:41,454 INFO com.bank.controller.HelloWorldController [http-nio-8080-exec-4] leaving
2022-08-20 22:54:41,454 INFO com.bank.service.BankStatementsServiceImpl [http-nio-8080-exec-4] Entering
2022-08-20 22:54:41,454 INFO com.bank.dao.BankStatementDAOImpl [http-nio-8080-exec-4] Entering
2022-08-20 22:54:41,473 INFO com.bank.dao.BankStatementDAOImpl [http-nio-8080-exec-4] Leaving
2022-08-20 22:54:41,476 INFO com.bank.service.BankStatementsServiceImpl [http-nio-8080-exec-4] Leaving
2022-08-20 22:54:41,481 INFO com.bank.config.JwtRequestFilter [http-nio-8080-exec-4] Leaving
2022-08-20 22:54:55,433 INFO com.bank.config.JwtRequestFilter [http-nio-8080-exec-5] Entering
2022-08-20 22:54:55,434 INFO com.bank.service.JwtUserDetailsService [http-nio-8080-exec-5] Entering
2022-08-20 22:54:55,435 INFO com.bank.service.JwtUserDetailsService [http-nio-8080-exec-5] Leaving
2022-08-20 22:54:55,442 INFO com.bank.controller.HelloWorldController [http-nio-8080-exec-5] Entering
2022-08-20 22:54:55,442 INFO com.bank.dao.BankStatementDAOImpl [http-nio-8080-exec-5] Entering
2022-08-20 22:54:55,443 INFO com.bank.dao.BankStatementDAOImpl [http-nio-8080-exec-5] Leaving
2022-08-20 22:54:55,447 INFO com.bank.config.JwtRequestFilter [http-nio-8080-exec-5] Leaving
2022-08-20 22:55:31,243 INFO com.bank.config.JwtRequestFilter [http-nio-8080-exec-6] Entering
2022-08-20 22:55:31,245 INFO com.bank.service.JwtUserDetailsService [http-nio-8080-exec-6] Entering
2022-08-20 22:55:31,245 INFO com.bank.service.JwtUserDetailsService [http-nio-8080-exec-6] Leaving
2022-08-20 22:55:31,247 INFO com.bank.controller.HelloWorldController [http-nio-8080-exec-6] Entering
2022-08-20 22:55:31,248 INFO com.bank.dao.BankStatementDAOImpl [http-nio-8080-exec-6] Entering
2022-08-20 22:55:31,252 INFO com.bank.dao.BankStatementDAOImpl [http-nio-8080-exec-6] Leaving
2022-08-20 22:55:31,253 INFO com.bank.config.JwtRequestFilter [http-nio-8080-exec-6] Leaving
2022-08-20 22:55:39,931 INFO com.bank.config.JwtRequestFilter [http-nio-8080-exec-7] Entering
2022-08-20 22:55:39,934 INFO com.bank.service.JwtUserDetailsService [http-nio-8080-exec-7] Entering
2022-08-20 22:55:39,934 INFO com.bank.service.JwtUserDetailsService [http-nio-8080-exec-7] Leaving
2022-08-20 22:55:39,936 INFO com.bank.controller.HelloWorldController [http-nio-8080-exec-7] Entering
2022-08-20 22:55:39,936 INFO com.bank.dao.BankStatementDAOImpl [http-nio-8080-exec-7] Entering
2022-08-20 22:55:39,939 INFO com.bank.dao.BankStatementDAOImpl [http-nio-8080-exec-7] Leaving
2022-08-20 22:55:39,939 INFO com.bank.controller.HelloWorldController [http-nio-8080-exec-7] leaving
2022-08-20 22:55:39,939 INFO com.bank.service.BankStatementsServiceImpl [http-nio-8080-exec-7] Entering
2022-08-20 22:55:39,939 INFO com.bank.dao.BankStatementDAOImpl [http-nio-8080-exec-7] Entering
2022-08-20 22:55:39,957 INFO com.bank.dao.BankStatementDAOImpl [http-nio-8080-exec-7] Leaving
2022-08-20 22:55:39,964 INFO com.bank.service.BankStatementsServiceImpl [http-nio-8080-exec-7] Leaving
2022-08-20 22:55:39,966 INFO com.bank.config.JwtRequestFilter [http-nio-8080-exec-7] Leaving
2022-08-20 22:55:56,563 INFO com.bank.config.JwtRequestFilter [http-nio-8080-exec-8] Entering
2022-08-20 22:55:56,565 INFO com.bank.service.JwtUserDetailsService [http-nio-8080-exec-8] Entering
2022-08-20 22:55:56,566 INFO com.bank.service.JwtUserDetailsService [http-nio-8080-exec-8] Leaving
2022-08-20 22:55:56,568 INFO com.bank.controller.HelloWorldController [http-nio-8080-exec-8] Entering
2022-08-20 22:56:01,607 INFO com.bank.dao.BankStatementDAOImpl [http-nio-8080-exec-8] Entering
2022-08-20 22:56:01,823 INFO com.bank.dao.BankStatementDAOImpl [http-nio-8080-exec-8] Leaving
2022-08-20 22:56:09,621 INFO com.bank.controller.HelloWorldController [http-nio-8080-exec-8] leaving
2022-08-20 22:56:10,826 INFO com.bank.service.BankStatementsServiceImpl [http-nio-8080-exec-8] Entering
2022-08-20 22:56:12,003 INFO com.bank.dao.BankStatementDAOImpl [http-nio-8080-exec-8] Entering
2022-08-20 22:56:14,224 INFO com.bank.dao.BankStatementDAOImpl [http-nio-8080-exec-8] Leaving
2022-08-20 22:56:14,250 INFO com.bank.service.BankStatementsServiceImpl [http-nio-8080-exec-8] Leaving
2022-08-20 22:57:30,848 INFO com.bank.config.JwtRequestFilter [http-nio-8080-exec-8] Leaving
2022-08-20 22:57:50,227 INFO org.springframework.boot.StartupInfoLogger [main] Starting SpringBootHelloWorldApplication on LAPTOP-NHPUL6D0 with PID 14400 (C:\Users\manid\OneDrive\Desktop\spring-boot-jwt-without-JPA\spring-boot-jwt\target\classes started by manid in C:\Users\manid\OneDrive\Desktop\spring-boot-jwt-without-JPA\spring-boot-jwt)
2022-08-20 22:57:50,231 DEBUG org.springframework.boot.StartupInfoLogger [main] Running with Spring Boot v2.1.1.RELEASE, Spring v5.1.3.RELEASE
2022-08-20 22:57:50,233 INFO org.springframework.boot.SpringApplication [main] No active profile set, falling back to default profiles: default
2022-08-20 22:57:51,245 DEBUG org.springframework.web.filter.GenericFilterBean [main] Filter 'jwtRequestFilter' configured for use
2022-08-20 22:57:51,800 INFO org.springframework.boot.StartupInfoLogger [main] Started SpringBootHelloWorldApplication in 1.889 seconds (JVM running for 2.539)
2022-08-20 22:58:01,793 INFO com.bank.config.JwtRequestFilter [http-nio-8080-exec-1] Entering
2022-08-20 22:58:01,850 INFO com.bank.service.JwtUserDetailsService [http-nio-8080-exec-1] Entering
2022-08-20 22:58:01,851 INFO com.bank.service.JwtUserDetailsService [http-nio-8080-exec-1] Leaving
2022-08-20 22:58:01,914 INFO com.bank.controller.HelloWorldController [http-nio-8080-exec-1] Entering
2022-08-20 22:58:05,763 INFO com.bank.dao.BankStatementDAOImpl [http-nio-8080-exec-1] Entering
2022-08-20 22:58:13,657 INFO com.bank.dao.BankStatementDAOImpl [http-nio-8080-exec-1] Leaving
2022-08-20 22:58:16,864 INFO com.bank.controller.HelloWorldController [http-nio-8080-exec-1] leaving
2022-08-20 22:58:17,366 INFO com.bank.service.BankStatementsServiceImpl [http-nio-8080-exec-1] Entering
2022-08-20 22:58:18,508 INFO com.bank.dao.BankStatementDAOImpl [http-nio-8080-exec-1] Entering
2022-08-20 22:58:25,175 INFO com.bank.dao.BankStatementDAOImpl [http-nio-8080-exec-1] Leaving
2022-08-20 22:58:25,225 INFO com.bank.service.BankStatementsServiceImpl [http-nio-8080-exec-1] Leaving
2022-08-20 22:59:40,427 INFO com.bank.config.JwtRequestFilter [http-nio-8080-exec-1] Leaving
2022-08-20 23:02:44,998 INFO org.springframework.boot.StartupInfoLogger [main] Starting SpringBootHelloWorldApplication on LAPTOP-NHPUL6D0 with PID 18192 (C:\Users\manid\OneDrive\Desktop\spring-boot-jwt-without-JPA\spring-boot-jwt\target\classes started by manid in C:\Users\manid\OneDrive\Desktop\spring-boot-jwt-without-JPA\spring-boot-jwt)
2022-08-20 23:02:45,003 DEBUG org.springframework.boot.StartupInfoLogger [main] Running with Spring Boot v2.1.1.RELEASE, Spring v5.1.3.RELEASE
2022-08-20 23:02:45,005 INFO org.springframework.boot.SpringApplication [main] No active profile set, falling back to default profiles: default
2022-08-20 23:02:45,977 DEBUG org.springframework.web.filter.GenericFilterBean [main] Filter 'jwtRequestFilter' configured for use
2022-08-20 23:02:46,569 INFO org.springframework.boot.StartupInfoLogger [main] Started SpringBootHelloWorldApplication in 1.862 seconds (JVM running for 2.562)
2022-08-20 23:02:53,821 INFO com.bank.config.JwtRequestFilter [http-nio-8080-exec-2] Entering
2022-08-20 23:02:53,892 INFO com.bank.service.JwtUserDetailsService [http-nio-8080-exec-2] Entering
2022-08-20 23:02:53,892 INFO com.bank.service.JwtUserDetailsService [http-nio-8080-exec-2] Leaving
2022-08-20 23:02:53,966 INFO com.bank.controller.HelloWorldController [http-nio-8080-exec-2] Entering
2022-08-20 23:02:58,191 INFO com.bank.dao.BankStatementDAOImpl [http-nio-8080-exec-2] Entering
2022-08-20 23:03:06,047 INFO com.bank.dao.BankStatementDAOImpl [http-nio-8080-exec-2] Leaving
2022-08-20 23:03:08,970 INFO com.bank.controller.HelloWorldController [http-nio-8080-exec-2] leaving
2022-08-20 23:03:09,540 INFO com.bank.service.BankStatementsServiceImpl [http-nio-8080-exec-2] Entering
2022-08-20 23:03:10,249 INFO com.bank.dao.BankStatementDAOImpl [http-nio-8080-exec-2] Entering
2022-08-20 23:03:12,188 INFO com.bank.dao.BankStatementDAOImpl [http-nio-8080-exec-2] Leaving
2022-08-20 23:03:14,748 INFO com.bank.service.BankStatementsServiceImpl [http-nio-8080-exec-2] Leaving
2022-08-20 23:03:52,333 INFO com.bank.config.JwtRequestFilter [http-nio-8080-exec-2] Leaving
2022-08-20 23:05:16,099 INFO com.bank.config.JwtRequestFilter [http-nio-8080-exec-5] Entering
2022-08-20 23:05:16,102 INFO com.bank.service.JwtUserDetailsService [http-nio-8080-exec-5] Entering
2022-08-20 23:05:16,104 INFO com.bank.service.JwtUserDetailsService [http-nio-8080-exec-5] Leaving
2022-08-20 23:05:16,108 INFO com.bank.controller.HelloWorldController [http-nio-8080-exec-5] Entering
2022-08-20 23:05:19,752 INFO com.bank.dao.BankStatementDAOImpl [http-nio-8080-exec-5] Entering
2022-08-20 23:05:19,963 INFO com.bank.dao.BankStatementDAOImpl [http-nio-8080-exec-5] Leaving
2022-08-20 23:05:21,427 INFO com.bank.controller.HelloWorldController [http-nio-8080-exec-5] leaving
2022-08-20 23:05:21,430 INFO com.bank.service.BankStatementsServiceImpl [http-nio-8080-exec-5] Entering
2022-08-20 23:05:23,124 INFO com.bank.dao.BankStatementDAOImpl [http-nio-8080-exec-5] Entering
2022-08-20 23:05:23,332 INFO com.bank.dao.BankStatementDAOImpl [http-nio-8080-exec-5] Leaving
2022-08-20 23:05:23,358 INFO com.bank.service.BankStatementsServiceImpl [http-nio-8080-exec-5] Leaving
2022-08-20 23:05:45,756 INFO com.bank.config.JwtRequestFilter [http-nio-8080-exec-5] Leaving
2022-08-20 23:06:01,969 INFO com.bank.config.JwtRequestFilter [http-nio-8080-exec-6] Entering
2022-08-20 23:06:01,970 INFO com.bank.service.JwtUserDetailsService [http-nio-8080-exec-6] Entering
2022-08-20 23:06:01,971 INFO com.bank.service.JwtUserDetailsService [http-nio-8080-exec-6] Leaving
2022-08-20 23:06:01,977 INFO com.bank.controller.HelloWorldController [http-nio-8080-exec-6] Entering
2022-08-20 23:06:05,092 INFO com.bank.dao.BankStatementDAOImpl [http-nio-8080-exec-6] Entering
2022-08-20 23:06:05,099 INFO com.bank.dao.BankStatementDAOImpl [http-nio-8080-exec-6] Leaving
2022-08-20 23:06:05,100 INFO com.bank.controller.HelloWorldController [http-nio-8080-exec-6] leaving
2022-08-20 23:06:05,100 INFO com.bank.service.BankStatementsServiceImpl [http-nio-8080-exec-6] Entering
2022-08-20 23:06:06,132 INFO com.bank.dao.BankStatementDAOImpl [http-nio-8080-exec-6] Entering
2022-08-20 23:06:06,182 INFO com.bank.dao.BankStatementDAOImpl [http-nio-8080-exec-6] Leaving
2022-08-20 23:06:06,188 INFO com.bank.service.BankStatementsServiceImpl [http-nio-8080-exec-6] Leaving
2022-08-20 23:08:24,795 INFO com.bank.config.JwtRequestFilter [http-nio-8080-exec-8] Entering
2022-08-20 23:08:24,800 INFO com.bank.service.JwtUserDetailsService [http-nio-8080-exec-8] Entering
2022-08-20 23:08:24,803 INFO com.bank.service.JwtUserDetailsService [http-nio-8080-exec-8] Leaving
2022-08-20 23:08:24,810 INFO com.bank.controller.HelloWorldController [http-nio-8080-exec-8] Entering
2022-08-20 23:08:31,102 INFO com.bank.config.JwtRequestFilter [http-nio-8080-exec-6] Leaving
2022-08-20 23:08:31,271 INFO com.bank.dao.BankStatementDAOImpl [http-nio-8080-exec-8] Entering
2022-08-20 23:08:31,278 INFO com.bank.dao.BankStatementDAOImpl [http-nio-8080-exec-8] Leaving
2022-08-20 23:08:31,279 INFO com.bank.controller.HelloWorldController [http-nio-8080-exec-8] leaving
2022-08-20 23:08:31,280 INFO com.bank.service.BankStatementsServiceImpl [http-nio-8080-exec-8] Entering
2022-08-20 23:08:31,433 INFO com.bank.dao.BankStatementDAOImpl [http-nio-8080-exec-8] Entering
2022-08-20 23:08:31,470 INFO com.bank.dao.BankStatementDAOImpl [http-nio-8080-exec-8] Leaving
2022-08-20 23:08:31,475 INFO com.bank.service.BankStatementsServiceImpl [http-nio-8080-exec-8] Leaving
2022-08-20 23:08:31,764 INFO com.bank.config.JwtRequestFilter [http-nio-8080-exec-8] Leaving
2022-08-20 23:09:00,712 INFO com.bank.config.JwtRequestFilter [http-nio-8080-exec-9] Entering
2022-08-20 23:09:00,715 INFO com.bank.service.JwtUserDetailsService [http-nio-8080-exec-9] Entering
2022-08-20 23:09:00,717 INFO com.bank.service.JwtUserDetailsService [http-nio-8080-exec-9] Leaving
2022-08-20 23:09:00,726 INFO com.bank.controller.HelloWorldController [http-nio-8080-exec-9] Entering
2022-08-20 23:09:05,296 INFO com.bank.dao.BankStatementDAOImpl [http-nio-8080-exec-9] Entering
2022-08-20 23:09:05,302 INFO com.bank.dao.BankStatementDAOImpl [http-nio-8080-exec-9] Leaving
2022-08-20 23:09:05,302 INFO com.bank.controller.HelloWorldController [http-nio-8080-exec-9] leaving
2022-08-20 23:09:05,303 INFO com.bank.service.BankStatementsServiceImpl [http-nio-8080-exec-9] Entering
2022-08-20 23:09:05,303 INFO com.bank.dao.BankStatementDAOImpl [http-nio-8080-exec-9] Entering
2022-08-20 23:09:05,330 INFO com.bank.dao.BankStatementDAOImpl [http-nio-8080-exec-9] Leaving
2022-08-20 23:09:05,334 INFO com.bank.service.BankStatementsServiceImpl [http-nio-8080-exec-9] Leaving
2022-08-20 23:09:05,337 INFO com.bank.config.JwtRequestFilter [http-nio-8080-exec-9] Leaving
2022-08-20 23:10:00,950 INFO com.bank.config.JwtRequestFilter [http-nio-8080-exec-10] Entering
2022-08-20 23:10:00,954 INFO com.bank.service.JwtUserDetailsService [http-nio-8080-exec-10] Entering
2022-08-20 23:10:00,955 INFO com.bank.service.JwtUserDetailsService [http-nio-8080-exec-10] Leaving
2022-08-20 23:10:00,964 INFO com.bank.controller.HelloWorldController [http-nio-8080-exec-10] Entering
2022-08-20 23:10:00,965 INFO com.bank.dao.BankStatementDAOImpl [http-nio-8080-exec-10] Entering
2022-08-20 23:10:00,969 INFO com.bank.dao.BankStatementDAOImpl [http-nio-8080-exec-10] Leaving
2022-08-20 23:10:00,969 INFO com.bank.controller.HelloWorldController [http-nio-8080-exec-10] leaving
2022-08-20 23:10:00,970 INFO com.bank.service.BankStatementsServiceImpl [http-nio-8080-exec-10] Entering
2022-08-20 23:10:00,970 INFO com.bank.dao.BankStatementDAOImpl [http-nio-8080-exec-10] Entering
2022-08-20 23:10:01,003 INFO com.bank.dao.BankStatementDAOImpl [http-nio-8080-exec-10] Leaving
2022-08-20 23:10:01,011 INFO com.bank.service.BankStatementsServiceImpl [http-nio-8080-exec-10] Leaving
2022-08-20 23:10:01,015 INFO com.bank.config.JwtRequestFilter [http-nio-8080-exec-10] Leaving
2022-08-20 23:10:18,093 INFO com.bank.config.JwtRequestFilter [http-nio-8080-exec-1] Entering
2022-08-20 23:10:18,097 INFO com.bank.service.JwtUserDetailsService [http-nio-8080-exec-1] Entering
2022-08-20 23:10:18,097 INFO com.bank.service.JwtUserDetailsService [http-nio-8080-exec-1] Leaving
2022-08-20 23:10:18,104 INFO com.bank.controller.HelloWorldController [http-nio-8080-exec-1] Entering
2022-08-20 23:10:18,104 INFO com.bank.dao.BankStatementDAOImpl [http-nio-8080-exec-1] Entering
2022-08-20 23:10:18,106 INFO com.bank.dao.BankStatementDAOImpl [http-nio-8080-exec-1] Leaving
2022-08-20 23:10:18,107 INFO com.bank.controller.HelloWorldController [http-nio-8080-exec-1] leaving
2022-08-20 23:10:18,107 INFO com.bank.service.BankStatementsServiceImpl [http-nio-8080-exec-1] Entering
2022-08-20 23:10:18,107 INFO com.bank.dao.BankStatementDAOImpl [http-nio-8080-exec-1] Entering
2022-08-20 23:10:18,120 INFO com.bank.dao.BankStatementDAOImpl [http-nio-8080-exec-1] Leaving
2022-08-20 23:10:18,124 INFO com.bank.service.BankStatementsServiceImpl [http-nio-8080-exec-1] Leaving
2022-08-20 23:10:18,130 INFO com.bank.config.JwtRequestFilter [http-nio-8080-exec-1] Leaving
2022-08-20 23:11:47,112 INFO com.bank.config.JwtRequestFilter [http-nio-8080-exec-4] Entering
2022-08-20 23:11:47,115 INFO com.bank.service.JwtUserDetailsService [http-nio-8080-exec-4] Entering
2022-08-20 23:11:47,116 INFO com.bank.service.JwtUserDetailsService [http-nio-8080-exec-4] Leaving
2022-08-20 23:11:47,124 INFO com.bank.controller.HelloWorldController [http-nio-8080-exec-4] Entering
2022-08-20 23:11:47,125 INFO com.bank.dao.BankStatementDAOImpl [http-nio-8080-exec-4] Entering
2022-08-20 23:11:47,128 INFO com.bank.dao.BankStatementDAOImpl [http-nio-8080-exec-4] Leaving
2022-08-20 23:11:47,128 INFO com.bank.controller.HelloWorldController [http-nio-8080-exec-4] leaving
2022-08-20 23:11:47,129 INFO com.bank.service.BankStatementsServiceImpl [http-nio-8080-exec-4] Entering
2022-08-20 23:11:47,129 INFO com.bank.dao.BankStatementDAOImpl [http-nio-8080-exec-4] Entering
2022-08-20 23:11:47,151 INFO com.bank.dao.BankStatementDAOImpl [http-nio-8080-exec-4] Leaving
2022-08-20 23:11:47,158 INFO com.bank.service.BankStatementsServiceImpl [http-nio-8080-exec-4] Leaving
2022-08-20 23:11:47,161 INFO com.bank.config.JwtRequestFilter [http-nio-8080-exec-4] Leaving
2022-08-20 23:11:58,715 INFO com.bank.config.JwtRequestFilter [http-nio-8080-exec-5] Entering
2022-08-20 23:11:58,718 INFO com.bank.service.JwtUserDetailsService [http-nio-8080-exec-5] Entering
2022-08-20 23:11:58,719 INFO com.bank.service.JwtUserDetailsService [http-nio-8080-exec-5] Leaving
2022-08-20 23:11:58,726 INFO com.bank.controller.HelloWorldController [http-nio-8080-exec-5] Entering
2022-08-20 23:11:58,727 INFO com.bank.dao.BankStatementDAOImpl [http-nio-8080-exec-5] Entering
2022-08-20 23:11:58,728 INFO com.bank.dao.BankStatementDAOImpl [http-nio-8080-exec-5] Leaving
2022-08-20 23:11:58,728 INFO com.bank.controller.HelloWorldController [http-nio-8080-exec-5] leaving
2022-08-20 23:11:58,729 INFO com.bank.service.BankStatementsServiceImpl [http-nio-8080-exec-5] Entering
2022-08-20 23:11:58,729 INFO com.bank.dao.BankStatementDAOImpl [http-nio-8080-exec-5] Entering
2022-08-20 23:11:58,748 INFO com.bank.dao.BankStatementDAOImpl [http-nio-8080-exec-5] Leaving
2022-08-20 23:11:58,753 INFO com.bank.service.BankStatementsServiceImpl [http-nio-8080-exec-5] Leaving
2022-08-20 23:11:58,761 INFO com.bank.config.JwtRequestFilter [http-nio-8080-exec-5] Leaving
2022-08-20 23:12:13,990 INFO com.bank.config.JwtRequestFilter [http-nio-8080-exec-7] Entering
2022-08-20 23:12:13,994 INFO com.bank.service.JwtUserDetailsService [http-nio-8080-exec-7] Entering
2022-08-20 23:12:13,995 INFO com.bank.service.JwtUserDetailsService [http-nio-8080-exec-7] Leaving
2022-08-20 23:12:14,001 INFO com.bank.controller.HelloWorldController [http-nio-8080-exec-7] Entering
2022-08-20 23:12:14,002 INFO com.bank.dao.BankStatementDAOImpl [http-nio-8080-exec-7] Entering
2022-08-20 23:12:14,009 INFO com.bank.dao.BankStatementDAOImpl [http-nio-8080-exec-7] Leaving
2022-08-20 23:12:14,009 INFO com.bank.controller.HelloWorldController [http-nio-8080-exec-7] leaving
2022-08-20 23:12:14,010 INFO com.bank.service.BankStatementsServiceImpl [http-nio-8080-exec-7] Entering
2022-08-20 23:12:14,011 INFO com.bank.dao.BankStatementDAOImpl [http-nio-8080-exec-7] Entering
2022-08-20 23:12:14,027 INFO com.bank.dao.BankStatementDAOImpl [http-nio-8080-exec-7] Leaving
2022-08-20 23:12:14,030 INFO com.bank.service.BankStatementsServiceImpl [http-nio-8080-exec-7] Leaving
2022-08-20 23:12:14,034 INFO com.bank.config.JwtRequestFilter [http-nio-8080-exec-7] Leaving
2022-08-20 23:12:24,128 INFO com.bank.config.JwtRequestFilter [http-nio-8080-exec-6] Entering
2022-08-20 23:12:24,132 INFO com.bank.service.JwtUserDetailsService [http-nio-8080-exec-6] Entering
2022-08-20 23:12:24,133 INFO com.bank.service.JwtUserDetailsService [http-nio-8080-exec-6] Leaving
2022-08-20 23:12:24,139 INFO com.bank.controller.HelloWorldController [http-nio-8080-exec-6] Entering
2022-08-20 23:12:24,140 INFO com.bank.dao.BankStatementDAOImpl [http-nio-8080-exec-6] Entering
2022-08-20 23:12:24,142 INFO com.bank.dao.BankStatementDAOImpl [http-nio-8080-exec-6] Leaving
2022-08-20 23:12:24,142 INFO com.bank.controller.HelloWorldController [http-nio-8080-exec-6] leaving
2022-08-20 23:12:24,142 INFO com.bank.service.BankStatementsServiceImpl [http-nio-8080-exec-6] Entering
2022-08-20 23:12:24,143 INFO com.bank.dao.BankStatementDAOImpl [http-nio-8080-exec-6] Entering
2022-08-20 23:12:24,157 INFO com.bank.dao.BankStatementDAOImpl [http-nio-8080-exec-6] Leaving
2022-08-20 23:12:24,175 INFO com.bank.service.BankStatementsServiceImpl [http-nio-8080-exec-6] Leaving
2022-08-20 23:12:24,181 INFO com.bank.config.JwtRequestFilter [http-nio-8080-exec-6] Leaving
2022-08-20 23:12:41,754 INFO com.bank.config.JwtRequestFilter [http-nio-8080-exec-8] Entering
2022-08-20 23:12:41,756 INFO com.bank.service.JwtUserDetailsService [http-nio-8080-exec-8] Entering
2022-08-20 23:12:41,756 INFO com.bank.service.JwtUserDetailsService [http-nio-8080-exec-8] Leaving
2022-08-20 23:12:41,760 INFO com.bank.controller.HelloWorldController [http-nio-8080-exec-8] Entering
2022-08-20 23:12:41,760 INFO com.bank.dao.BankStatementDAOImpl [http-nio-8080-exec-8] Entering
2022-08-20 23:12:41,765 INFO com.bank.dao.BankStatementDAOImpl [http-nio-8080-exec-8] Leaving
2022-08-20 23:12:41,765 INFO com.bank.controller.HelloWorldController [http-nio-8080-exec-8] leaving
2022-08-20 23:12:41,766 INFO com.bank.service.BankStatementsServiceImpl [http-nio-8080-exec-8] Entering
2022-08-20 23:12:41,767 INFO com.bank.dao.BankStatementDAOImpl [http-nio-8080-exec-8] Entering
2022-08-20 23:12:41,779 INFO com.bank.dao.BankStatementDAOImpl [http-nio-8080-exec-8] Leaving
2022-08-20 23:12:41,784 INFO com.bank.service.BankStatementsServiceImpl [http-nio-8080-exec-8] Leaving
2022-08-20 23:12:41,788 INFO com.bank.config.JwtRequestFilter [http-nio-8080-exec-8] Leaving
2022-08-20 23:13:02,508 INFO com.bank.config.JwtRequestFilter [http-nio-8080-exec-9] Entering
2022-08-20 23:13:02,511 INFO com.bank.service.JwtUserDetailsService [http-nio-8080-exec-9] Entering
2022-08-20 23:13:02,512 INFO com.bank.service.JwtUserDetailsService [http-nio-8080-exec-9] Leaving
2022-08-20 23:13:02,518 INFO com.bank.controller.HelloWorldController [http-nio-8080-exec-9] Entering
2022-08-20 23:13:02,519 INFO com.bank.dao.BankStatementDAOImpl [http-nio-8080-exec-9] Entering
2022-08-20 23:13:02,524 INFO com.bank.dao.BankStatementDAOImpl [http-nio-8080-exec-9] Leaving
2022-08-20 23:13:02,524 INFO com.bank.controller.HelloWorldController [http-nio-8080-exec-9] leaving
2022-08-20 23:13:02,525 INFO com.bank.service.BankStatementsServiceImpl [http-nio-8080-exec-9] Entering
2022-08-20 23:13:02,525 INFO com.bank.dao.BankStatementDAOImpl [http-nio-8080-exec-9] Entering
2022-08-20 23:13:02,542 INFO com.bank.dao.BankStatementDAOImpl [http-nio-8080-exec-9] Leaving
2022-08-20 23:13:02,544 INFO com.bank.service.BankStatementsServiceImpl [http-nio-8080-exec-9] Leaving
2022-08-20 23:13:02,548 INFO com.bank.config.JwtRequestFilter [http-nio-8080-exec-9] Leaving
2022-08-20 23:13:15,876 INFO com.bank.config.JwtRequestFilter [http-nio-8080-exec-10] Entering
2022-08-20 23:13:15,879 INFO com.bank.service.JwtUserDetailsService [http-nio-8080-exec-10] Entering
2022-08-20 23:13:15,879 INFO com.bank.service.JwtUserDetailsService [http-nio-8080-exec-10] Leaving
2022-08-20 23:13:15,883 INFO com.bank.controller.HelloWorldController [http-nio-8080-exec-10] Entering
2022-08-20 23:13:15,883 INFO com.bank.dao.BankStatementDAOImpl [http-nio-8080-exec-10] Entering
2022-08-20 23:13:15,884 INFO com.bank.dao.BankStatementDAOImpl [http-nio-8080-exec-10] Leaving
2022-08-20 23:13:15,885 INFO com.bank.controller.HelloWorldController [http-nio-8080-exec-10] leaving
2022-08-20 23:13:15,885 INFO com.bank.service.BankStatementsServiceImpl [http-nio-8080-exec-10] Entering
2022-08-20 23:13:15,885 INFO com.bank.dao.BankStatementDAOImpl [http-nio-8080-exec-10] Entering
2022-08-20 23:13:15,899 INFO com.bank.dao.BankStatementDAOImpl [http-nio-8080-exec-10] Leaving
2022-08-20 23:13:15,901 INFO com.bank.service.BankStatementsServiceImpl [http-nio-8080-exec-10] Leaving
2022-08-20 23:13:15,904 INFO com.bank.config.JwtRequestFilter [http-nio-8080-exec-10] Leaving
2022-08-20 23:13:49,191 INFO com.bank.config.JwtRequestFilter [http-nio-8080-exec-1] Entering
2022-08-20 23:13:49,195 INFO com.bank.service.JwtUserDetailsService [http-nio-8080-exec-1] Entering
2022-08-20 23:13:49,196 INFO com.bank.service.JwtUserDetailsService [http-nio-8080-exec-1] Leaving
2022-08-20 23:13:49,202 INFO com.bank.controller.BankStatementController [http-nio-8080-exec-1] Entering
2022-08-20 23:13:49,202 INFO com.bank.dao.BankStatementDAOImpl [http-nio-8080-exec-1] Entering
2022-08-20 23:13:49,206 INFO com.bank.dao.BankStatementDAOImpl [http-nio-8080-exec-1] Leaving
2022-08-20 23:13:49,206 INFO com.bank.controller.BankStatementController [http-nio-8080-exec-1] leaving
2022-08-20 23:13:49,206 INFO com.bank.service.BankStatementsServiceImpl [http-nio-8080-exec-1] Entering
2022-08-20 23:13:49,207 INFO com.bank.dao.BankStatementDAOImpl [http-nio-8080-exec-1] Entering
2022-08-20 23:13:49,229 INFO com.bank.dao.BankStatementDAOImpl [http-nio-8080-exec-1] Leaving
2022-08-20 23:13:49,233 INFO com.bank.service.BankStatementsServiceImpl [http-nio-8080-exec-1] Leaving
2022-08-20 23:13:49,237 INFO com.bank.config.JwtRequestFilter [http-nio-8080-exec-1] Leaving
